2019-08-08 19:11:29,807 - INFO - Start running, host: zzy@lm3, work_dir: /home/zzy/Projects/detector/faster_rcnn_vgg_voc07
2019-08-08 19:11:29,808 - INFO - workflow: [('train', 1), ('val', 1)], max: 120 epochs
2019-08-08 19:11:35,930 - INFO - Epoch [1][1/5011]	lr: 0.00100, eta: 40 days, 3:30:24, time: 5.768, data_time: 0.067, memory: 1083, rpn_cls_loss: 0.6834, rpn_reg_loss: 0.0092, cls_loss: 3.0294, reg_loss: 0.0097, loss: 3.7316
2019-08-08 19:11:36,133 - INFO - Epoch [1][2/5011]	lr: 0.00100, eta: 20 days, 18:36:09, time: 0.202, data_time: 0.069, memory: 1484, rpn_cls_loss: 0.6875, rpn_reg_loss: 0.0104, cls_loss: 2.9799, reg_loss: 0.0347, loss: 3.7124
2019-08-08 19:11:36,337 - INFO - Epoch [1][3/5011]	lr: 0.00100, eta: 14 days, 7:52:21, time: 0.206, data_time: 0.064, memory: 1484, rpn_cls_loss: 0.6847, rpn_reg_loss: 0.0131, cls_loss: 3.0225, reg_loss: 0.0223, loss: 3.7425
2019-08-08 19:11:36,536 - INFO - Epoch [1][4/5011]	lr: 0.00100, eta: 11 days, 2:08:11, time: 0.197, data_time: 0.068, memory: 1484, rpn_cls_loss: 0.6800, rpn_reg_loss: 0.0220, cls_loss: 2.9232, reg_loss: 0.0379, loss: 3.6631
2019-08-08 19:11:36,782 - INFO - Epoch [1][5/5011]	lr: 0.00100, eta: 9 days, 5:09:03, time: 0.247, data_time: 0.091, memory: 1484, rpn_cls_loss: 0.6882, rpn_reg_loss: 0.0053, cls_loss: 2.9543, reg_loss: 0.0196, loss: 3.6674
2019-08-08 19:11:37,002 - INFO - Epoch [1][6/5011]	lr: 0.00100, eta: 7 days, 22:24:45, time: 0.220, data_time: 0.071, memory: 1484, rpn_cls_loss: 0.6779, rpn_reg_loss: 0.0168, cls_loss: 2.9541, reg_loss: 0.0273, loss: 3.6761
2019-08-08 19:11:37,193 - INFO - Epoch [1][7/5011]	lr: 0.00100, eta: 6 days, 23:45:42, time: 0.191, data_time: 0.071, memory: 1484, rpn_cls_loss: 0.6817, rpn_reg_loss: 0.0158, cls_loss: 2.9318, reg_loss: 0.0201, loss: 3.6494
2019-08-08 19:11:37,386 - INFO - Epoch [1][8/5011]	lr: 0.00100, eta: 6 days, 6:49:02, time: 0.193, data_time: 0.057, memory: 1484, rpn_cls_loss: 0.6855, rpn_reg_loss: 0.0100, cls_loss: 2.8095, reg_loss: 0.0250, loss: 3.5299
2019-08-08 19:11:37,580 - INFO - Epoch [1][9/5011]	lr: 0.00100, eta: 5 days, 17:39:34, time: 0.194, data_time: 0.061, memory: 1484, rpn_cls_loss: 0.6830, rpn_reg_loss: 0.0147, cls_loss: 2.8812, reg_loss: 0.0314, loss: 3.6103
2019-08-08 19:11:37,808 - INFO - Epoch [1][10/5011]	lr: 0.00100, eta: 5 days, 7:42:53, time: 0.229, data_time: 0.057, memory: 1484, rpn_cls_loss: 0.6878, rpn_reg_loss: 0.0210, cls_loss: 2.8600, reg_loss: 0.0393, loss: 3.6081
2019-08-08 19:11:38,053 - INFO - Epoch [1][11/5011]	lr: 0.00100, eta: 4 days, 23:49:44, time: 0.245, data_time: 0.081, memory: 1484, rpn_cls_loss: 0.6873, rpn_reg_loss: 0.0277, cls_loss: 2.8577, reg_loss: 0.0376, loss: 3.6103
2019-08-08 19:11:38,288 - INFO - Epoch [1][12/5011]	lr: 0.00100, eta: 4 days, 17:06:22, time: 0.234, data_time: 0.073, memory: 1484, rpn_cls_loss: 0.6835, rpn_reg_loss: 0.0086, cls_loss: 2.7904, reg_loss: 0.0202, loss: 3.5027
2019-08-08 19:11:38,484 - INFO - Epoch [1][13/5011]	lr: 0.00100, eta: 4 days, 10:54:43, time: 0.195, data_time: 0.070, memory: 1484, rpn_cls_loss: 0.6745, rpn_reg_loss: 0.0333, cls_loss: 2.7670, reg_loss: 0.0194, loss: 3.4942
2019-08-08 19:11:38,677 - INFO - Epoch [1][14/5011]	lr: 0.00100, eta: 4 days, 5:34:54, time: 0.193, data_time: 0.057, memory: 1485, rpn_cls_loss: 0.6812, rpn_reg_loss: 0.0242, cls_loss: 2.7072, reg_loss: 0.0428, loss: 3.4554
2019-08-08 19:11:38,913 - INFO - Epoch [1][15/5011]	lr: 0.00100, eta: 4 days, 1:26:36, time: 0.237, data_time: 0.065, memory: 1485, rpn_cls_loss: 0.6699, rpn_reg_loss: 0.0328, cls_loss: 2.7274, reg_loss: 0.0378, loss: 3.4679
2019-08-08 19:11:39,090 - INFO - Epoch [1][16/5011]	lr: 0.00100, eta: 3 days, 21:10:57, time: 0.175, data_time: 0.054, memory: 1485, rpn_cls_loss: 0.6800, rpn_reg_loss: 0.0186, cls_loss: 2.7465, reg_loss: 0.0233, loss: 3.4683
2019-08-08 19:11:39,283 - INFO - Epoch [1][17/5011]	lr: 0.00100, eta: 3 days, 17:36:53, time: 0.195, data_time: 0.052, memory: 1485, rpn_cls_loss: 0.6844, rpn_reg_loss: 0.0666, cls_loss: 2.7422, reg_loss: 0.0377, loss: 3.5309
2019-08-08 19:11:39,494 - INFO - Epoch [1][18/5011]	lr: 0.00100, eta: 3 days, 14:35:33, time: 0.211, data_time: 0.078, memory: 1485, rpn_cls_loss: 0.6872, rpn_reg_loss: 0.0057, cls_loss: 2.6722, reg_loss: 0.0237, loss: 3.3888
2019-08-08 19:11:39,688 - INFO - Epoch [1][19/5011]	lr: 0.00100, eta: 3 days, 11:44:19, time: 0.194, data_time: 0.075, memory: 1485, rpn_cls_loss: 0.6796, rpn_reg_loss: 0.0084, cls_loss: 2.7795, reg_loss: 0.0130, loss: 3.4804
2019-08-08 19:11:39,880 - INFO - Epoch [1][20/5011]	lr: 0.00100, eta: 3 days, 9:09:06, time: 0.192, data_time: 0.062, memory: 1485, rpn_cls_loss: 0.6873, rpn_reg_loss: 0.0070, cls_loss: 2.5547, reg_loss: 0.0152, loss: 3.2642
2019-08-08 19:11:40,093 - INFO - Epoch [1][21/5011]	lr: 0.00100, eta: 3 days, 6:59:02, time: 0.213, data_time: 0.071, memory: 1485, rpn_cls_loss: 0.6776, rpn_reg_loss: 0.0122, cls_loss: 2.5783, reg_loss: 0.0401, loss: 3.3081
2019-08-08 19:11:40,331 - INFO - Epoch [1][22/5011]	lr: 0.00100, eta: 3 days, 5:12:10, time: 0.238, data_time: 0.078, memory: 1485, rpn_cls_loss: 0.6928, rpn_reg_loss: 0.0112, cls_loss: 2.6125, reg_loss: 0.0293, loss: 3.3457
2019-08-08 19:11:40,559 - INFO - Epoch [1][23/5011]	lr: 0.00100, eta: 3 days, 3:29:43, time: 0.227, data_time: 0.074, memory: 1485, rpn_cls_loss: 0.6789, rpn_reg_loss: 0.0367, cls_loss: 2.4673, reg_loss: 0.0343, loss: 3.2171
2019-08-08 19:11:40,774 - INFO - Epoch [1][24/5011]	lr: 0.00100, eta: 3 days, 1:50:50, time: 0.215, data_time: 0.058, memory: 1485, rpn_cls_loss: 0.6585, rpn_reg_loss: 0.0351, cls_loss: 2.4240, reg_loss: 0.0403, loss: 3.1578
2019-08-08 19:11:40,958 - INFO - Epoch [1][25/5011]	lr: 0.00100, eta: 3 days, 0:07:32, time: 0.184, data_time: 0.056, memory: 1485, rpn_cls_loss: 0.6690, rpn_reg_loss: 0.0152, cls_loss: 2.5070, reg_loss: 0.0435, loss: 3.2347
2019-08-08 19:11:41,142 - INFO - Epoch [1][26/5011]	lr: 0.00100, eta: 2 days, 22:32:20, time: 0.185, data_time: 0.058, memory: 1485, rpn_cls_loss: 0.6754, rpn_reg_loss: 0.0170, cls_loss: 2.4466, reg_loss: 0.0227, loss: 3.1618
2019-08-08 19:11:41,345 - INFO - Epoch [1][27/5011]	lr: 0.00100, eta: 2 days, 21:11:10, time: 0.204, data_time: 0.073, memory: 1485, rpn_cls_loss: 0.6784, rpn_reg_loss: 0.0165, cls_loss: 2.4667, reg_loss: 0.0318, loss: 3.1934
2019-08-08 19:11:41,538 - INFO - Epoch [1][28/5011]	lr: 0.00100, eta: 2 days, 19:51:17, time: 0.191, data_time: 0.065, memory: 1485, rpn_cls_loss: 0.6897, rpn_reg_loss: 0.0975, cls_loss: 2.4327, reg_loss: 0.0000, loss: 3.2199
2019-08-08 19:11:41,766 - INFO - Epoch [1][29/5011]	lr: 0.00100, eta: 2 days, 18:49:41, time: 0.228, data_time: 0.055, memory: 1485, rpn_cls_loss: 0.6593, rpn_reg_loss: 0.0147, cls_loss: 2.4099, reg_loss: 0.0260, loss: 3.1100
2019-08-08 19:11:41,974 - INFO - Epoch [1][30/5011]	lr: 0.00100, eta: 2 days, 17:46:01, time: 0.210, data_time: 0.070, memory: 1485, rpn_cls_loss: 0.6650, rpn_reg_loss: 0.0393, cls_loss: 2.1296, reg_loss: 0.0421, loss: 2.8760
2019-08-08 19:11:42,204 - INFO - Epoch [1][31/5011]	lr: 0.00100, eta: 2 days, 16:52:57, time: 0.230, data_time: 0.080, memory: 1485, rpn_cls_loss: 0.6849, rpn_reg_loss: 0.0104, cls_loss: 2.5493, reg_loss: 0.0373, loss: 3.2819
2019-08-08 19:11:42,410 - INFO - Epoch [1][32/5011]	lr: 0.00100, eta: 2 days, 15:56:20, time: 0.208, data_time: 0.070, memory: 1485, rpn_cls_loss: 0.6766, rpn_reg_loss: 0.0033, cls_loss: 2.3643, reg_loss: 0.0110, loss: 3.0552
2019-08-08 19:11:42,665 - INFO - Epoch [1][33/5011]	lr: 0.00100, eta: 2 days, 15:16:46, time: 0.253, data_time: 0.089, memory: 1485, rpn_cls_loss: 0.6717, rpn_reg_loss: 0.0058, cls_loss: 2.5405, reg_loss: 0.0176, loss: 3.2356
2019-08-08 19:11:42,842 - INFO - Epoch [1][34/5011]	lr: 0.00100, eta: 2 days, 14:17:18, time: 0.177, data_time: 0.060, memory: 1485, rpn_cls_loss: 0.6757, rpn_reg_loss: 0.0722, cls_loss: 2.0013, reg_loss: 0.0000, loss: 2.7491
2019-08-08 19:11:43,049 - INFO - Epoch [1][35/5011]	lr: 0.00100, eta: 2 days, 13:29:54, time: 0.207, data_time: 0.072, memory: 1485, rpn_cls_loss: 0.6810, rpn_reg_loss: 0.0234, cls_loss: 2.3790, reg_loss: 0.0298, loss: 3.1131
2019-08-08 19:11:43,247 - INFO - Epoch [1][36/5011]	lr: 0.00100, eta: 2 days, 12:42:14, time: 0.197, data_time: 0.072, memory: 1485, rpn_cls_loss: 0.6686, rpn_reg_loss: 0.0242, cls_loss: 2.3780, reg_loss: 0.0320, loss: 3.1029
2019-08-08 19:11:43,496 - INFO - Epoch [1][37/5011]	lr: 0.00100, eta: 2 days, 12:11:33, time: 0.250, data_time: 0.083, memory: 1485, rpn_cls_loss: 0.6824, rpn_reg_loss: 0.0083, cls_loss: 2.0619, reg_loss: 0.0357, loss: 2.7882
2019-08-08 19:11:43,696 - INFO - Epoch [1][38/5011]	lr: 0.00100, eta: 2 days, 11:29:13, time: 0.200, data_time: 0.063, memory: 1485, rpn_cls_loss: 0.6719, rpn_reg_loss: 0.0104, cls_loss: 2.1639, reg_loss: 0.0392, loss: 2.8854
2019-08-08 19:11:43,887 - INFO - Epoch [1][39/5011]	lr: 0.00100, eta: 2 days, 10:46:26, time: 0.190, data_time: 0.055, memory: 1485, rpn_cls_loss: 0.6829, rpn_reg_loss: 0.0278, cls_loss: 2.3374, reg_loss: 0.0207, loss: 3.0688
2019-08-08 19:11:44,083 - INFO - Epoch [1][40/5011]	lr: 0.00100, eta: 2 days, 10:07:32, time: 0.197, data_time: 0.061, memory: 1485, rpn_cls_loss: 0.6837, rpn_reg_loss: 0.0070, cls_loss: 2.1276, reg_loss: 0.0267, loss: 2.8450
2019-08-08 19:11:44,301 - INFO - Epoch [1][41/5011]	lr: 0.00100, eta: 2 days, 9:35:45, time: 0.218, data_time: 0.060, memory: 1485, rpn_cls_loss: 0.6689, rpn_reg_loss: 0.0109, cls_loss: 2.3403, reg_loss: 0.0248, loss: 3.0450
2019-08-08 19:11:44,492 - INFO - Epoch [1][42/5011]	lr: 0.00100, eta: 2 days, 8:58:54, time: 0.190, data_time: 0.070, memory: 1485, rpn_cls_loss: 0.6746, rpn_reg_loss: 0.0244, cls_loss: 2.0004, reg_loss: 0.0282, loss: 2.7276
2019-08-08 19:11:44,730 - INFO - Epoch [1][43/5011]	lr: 0.00100, eta: 2 days, 8:35:11, time: 0.239, data_time: 0.078, memory: 1485, rpn_cls_loss: 0.6571, rpn_reg_loss: 0.0367, cls_loss: 2.2075, reg_loss: 0.0364, loss: 2.9376
2019-08-08 19:11:44,951 - INFO - Epoch [1][44/5011]	lr: 0.00100, eta: 2 days, 8:08:01, time: 0.220, data_time: 0.076, memory: 1485, rpn_cls_loss: 0.6576, rpn_reg_loss: 0.0147, cls_loss: 2.1309, reg_loss: 0.0436, loss: 2.8469
2019-08-08 19:11:45,123 - INFO - Epoch [1][45/5011]	lr: 0.00100, eta: 2 days, 7:31:25, time: 0.172, data_time: 0.053, memory: 1485, rpn_cls_loss: 0.6695, rpn_reg_loss: 0.0422, cls_loss: 1.9716, reg_loss: 0.0388, loss: 2.7222
2019-08-08 19:11:45,374 - INFO - Epoch [1][46/5011]	lr: 0.00100, eta: 2 days, 7:13:54, time: 0.252, data_time: 0.083, memory: 1485, rpn_cls_loss: 0.6780, rpn_reg_loss: 0.0069, cls_loss: 2.3885, reg_loss: 0.0227, loss: 3.0961
2019-08-08 19:11:45,603 - INFO - Epoch [1][47/5011]	lr: 0.00100, eta: 2 days, 6:52:17, time: 0.229, data_time: 0.079, memory: 1485, rpn_cls_loss: 0.6748, rpn_reg_loss: 0.0211, cls_loss: 2.3073, reg_loss: 0.0212, loss: 3.0244
2019-08-08 19:11:45,811 - INFO - Epoch [1][48/5011]	lr: 0.00100, eta: 2 days, 6:26:44, time: 0.206, data_time: 0.066, memory: 1485, rpn_cls_loss: 0.6825, rpn_reg_loss: 0.0198, cls_loss: 2.2054, reg_loss: 0.0381, loss: 2.9457
2019-08-08 19:11:45,988 - INFO - Epoch [1][49/5011]	lr: 0.00100, eta: 2 days, 5:56:20, time: 0.177, data_time: 0.056, memory: 1485, rpn_cls_loss: 0.6583, rpn_reg_loss: nan, cls_loss: 1.6597, reg_loss: 0.0000, loss: nan
2019-08-08 19:11:46,180 - INFO - Epoch [1][50/5011]	lr: 0.00100, eta: 2 days, 5:30:22, time: 0.193, data_time: 0.052, memory: 1485, rpn_cls_loss: 0.6491, rpn_reg_loss: 0.0300, cls_loss: 2.1519, reg_loss: 0.0395, loss: 2.8705
2019-08-08 19:11:46,394 - INFO - Epoch [1][51/5011]	lr: 0.00100, eta: 2 days, 5:09:17, time: 0.213, data_time: 0.076, memory: 1485, rpn_cls_loss: 0.6656, rpn_reg_loss: 0.0531, cls_loss: 1.3857, reg_loss: 0.0000, loss: 2.1044
2019-08-08 19:11:46,594 - INFO - Epoch [1][52/5011]	lr: 0.00100, eta: 2 days, 4:46:22, time: 0.199, data_time: 0.061, memory: 1485, rpn_cls_loss: 0.6729, rpn_reg_loss: 0.0150, cls_loss: 2.1065, reg_loss: 0.0387, loss: 2.8331
2019-08-08 19:11:46,813 - INFO - Epoch [1][53/5011]	lr: 0.00100, eta: 2 days, 4:28:04, time: 0.219, data_time: 0.087, memory: 1485, rpn_cls_loss: 0.6679, rpn_reg_loss: 0.0212, cls_loss: 2.0725, reg_loss: 0.0272, loss: 2.7889
2019-08-08 19:11:47,018 - INFO - Epoch [1][54/5011]	lr: 0.00100, eta: 2 days, 4:07:48, time: 0.205, data_time: 0.059, memory: 1485, rpn_cls_loss: 0.6584, rpn_reg_loss: 0.0213, cls_loss: 2.2278, reg_loss: 0.0352, loss: 2.9427
2019-08-08 19:11:47,244 - INFO - Epoch [1][55/5011]	lr: 0.00100, eta: 2 days, 3:52:11, time: 0.226, data_time: 0.072, memory: 1485, rpn_cls_loss: 0.6697, rpn_reg_loss: 0.0080, cls_loss: 1.8186, reg_loss: 0.0032, loss: 2.4996
2019-08-08 19:11:47,451 - INFO - Epoch [1][56/5011]	lr: 0.00100, eta: 2 days, 3:33:36, time: 0.207, data_time: 0.071, memory: 1485, rpn_cls_loss: 0.6669, rpn_reg_loss: 0.0481, cls_loss: 1.8941, reg_loss: 0.0446, loss: 2.6537
2019-08-08 19:11:47,681 - INFO - Epoch [1][57/5011]	lr: 0.00100, eta: 2 days, 3:20:04, time: 0.232, data_time: 0.073, memory: 1485, rpn_cls_loss: 0.6687, rpn_reg_loss: 0.0329, cls_loss: 1.8088, reg_loss: 0.0510, loss: 2.5615
2019-08-08 19:11:47,879 - INFO - Epoch [1][58/5011]	lr: 0.00100, eta: 2 days, 3:01:06, time: 0.198, data_time: 0.063, memory: 1485, rpn_cls_loss: 0.6670, rpn_reg_loss: 0.0039, cls_loss: 1.5896, reg_loss: 0.0351, loss: 2.2955
2019-08-08 19:11:48,113 - INFO - Epoch [1][59/5011]	lr: 0.00100, eta: 2 days, 2:48:52, time: 0.233, data_time: 0.078, memory: 1485, rpn_cls_loss: 0.6789, rpn_reg_loss: 0.0045, cls_loss: 1.7574, reg_loss: 0.0609, loss: 2.5017
2019-08-08 19:11:48,331 - INFO - Epoch [1][60/5011]	lr: 0.00100, eta: 2 days, 2:34:22, time: 0.217, data_time: 0.074, memory: 1485, rpn_cls_loss: 0.6731, rpn_reg_loss: 0.0749, cls_loss: 1.7564, reg_loss: 0.0000, loss: 2.5044
2019-08-08 19:11:48,576 - INFO - Epoch [1][61/5011]	lr: 0.00100, eta: 2 days, 2:24:53, time: 0.245, data_time: 0.080, memory: 1485, rpn_cls_loss: 0.6721, rpn_reg_loss: 0.0432, cls_loss: 2.1544, reg_loss: 0.0271, loss: 2.8967
2019-08-08 19:11:48,796 - INFO - Epoch [1][62/5011]	lr: 0.00100, eta: 2 days, 2:11:44, time: 0.220, data_time: 0.070, memory: 1485, rpn_cls_loss: 0.6622, rpn_reg_loss: 0.0126, cls_loss: 1.8757, reg_loss: 0.0393, loss: 2.5898
2019-08-08 19:11:49,003 - INFO - Epoch [1][63/5011]	lr: 0.00100, eta: 2 days, 1:56:47, time: 0.207, data_time: 0.063, memory: 1485, rpn_cls_loss: 0.6538, rpn_reg_loss: 0.0186, cls_loss: 1.9900, reg_loss: 0.0329, loss: 2.6952
2019-08-08 19:11:49,215 - INFO - Epoch [1][64/5011]	lr: 0.00100, eta: 2 days, 1:43:17, time: 0.213, data_time: 0.073, memory: 1485, rpn_cls_loss: 0.6566, rpn_reg_loss: 0.0329, cls_loss: 2.2473, reg_loss: 0.0461, loss: 2.9830
2019-08-08 19:11:49,426 - INFO - Epoch [1][65/5011]	lr: 0.00100, eta: 2 days, 1:29:48, time: 0.210, data_time: 0.068, memory: 1485, rpn_cls_loss: 0.6790, rpn_reg_loss: 0.0266, cls_loss: 2.0389, reg_loss: 0.0434, loss: 2.7879
2019-08-08 19:11:49,650 - INFO - Epoch [1][66/5011]	lr: 0.00100, eta: 2 days, 1:18:47, time: 0.224, data_time: 0.075, memory: 1485, rpn_cls_loss: 0.6571, rpn_reg_loss: 0.0073, cls_loss: 2.0220, reg_loss: 0.0321, loss: 2.7186
2019-08-08 19:11:49,867 - INFO - Epoch [1][67/5011]	lr: 0.00100, eta: 2 days, 1:07:04, time: 0.217, data_time: 0.062, memory: 1485, rpn_cls_loss: 0.6594, rpn_reg_loss: 0.0177, cls_loss: 1.7116, reg_loss: 0.0333, loss: 2.4219
2019-08-08 19:11:50,089 - INFO - Epoch [1][68/5011]	lr: 0.00100, eta: 2 days, 0:56:36, time: 0.223, data_time: 0.073, memory: 1485, rpn_cls_loss: 0.6503, rpn_reg_loss: 0.0125, cls_loss: 1.9343, reg_loss: 0.0237, loss: 2.6209
2019-08-08 19:11:50,311 - INFO - Epoch [1][69/5011]	lr: 0.00100, eta: 2 days, 0:46:14, time: 0.222, data_time: 0.079, memory: 1485, rpn_cls_loss: 0.6686, rpn_reg_loss: 0.0026, cls_loss: 1.5534, reg_loss: 0.0188, loss: 2.2434
2019-08-08 19:11:50,538 - INFO - Epoch [1][70/5011]	lr: 0.00100, eta: 2 days, 0:36:52, time: 0.227, data_time: 0.075, memory: 1485, rpn_cls_loss: 0.6582, rpn_reg_loss: 0.0084, cls_loss: 2.0186, reg_loss: 0.0318, loss: 2.7170
2019-08-08 19:11:50,753 - INFO - Epoch [1][71/5011]	lr: 0.00100, eta: 2 days, 0:26:02, time: 0.214, data_time: 0.081, memory: 1485, rpn_cls_loss: 0.6717, rpn_reg_loss: 0.0056, cls_loss: 2.1624, reg_loss: 0.0353, loss: 2.8749
2019-08-08 19:11:50,977 - INFO - Epoch [1][72/5011]	lr: 0.00100, eta: 2 days, 0:16:54, time: 0.224, data_time: 0.074, memory: 1485, rpn_cls_loss: 0.6534, rpn_reg_loss: 0.0111, cls_loss: 1.8123, reg_loss: 0.0256, loss: 2.5025
2019-08-08 19:11:51,251 - INFO - Epoch [1][73/5011]	lr: 0.00100, eta: 2 days, 0:14:44, time: 0.273, data_time: 0.084, memory: 1485, rpn_cls_loss: 0.6595, rpn_reg_loss: nan, cls_loss: 1.3401, reg_loss: 0.0000, loss: nan
2019-08-08 19:11:51,471 - INFO - Epoch [1][74/5011]	lr: 0.00100, eta: 2 days, 0:05:29, time: 0.221, data_time: 0.059, memory: 1485, rpn_cls_loss: 0.6675, rpn_reg_loss: 0.0134, cls_loss: 1.9637, reg_loss: 0.0476, loss: 2.6922
2019-08-08 19:11:51,698 - INFO - Epoch [1][75/5011]	lr: 0.00100, eta: 1 day, 23:57:23, time: 0.227, data_time: 0.076, memory: 1485, rpn_cls_loss: 0.6592, rpn_reg_loss: 0.0035, cls_loss: 1.7039, reg_loss: 0.0172, loss: 2.3838
2019-08-08 19:11:51,911 - INFO - Epoch [1][76/5011]	lr: 0.00100, eta: 1 day, 23:47:28, time: 0.212, data_time: 0.076, memory: 1485, rpn_cls_loss: 0.6433, rpn_reg_loss: 0.0071, cls_loss: 1.9436, reg_loss: 0.0236, loss: 2.6177
2019-08-08 19:11:52,107 - INFO - Epoch [1][77/5011]	lr: 0.00100, eta: 1 day, 23:35:45, time: 0.196, data_time: 0.057, memory: 1485, rpn_cls_loss: 0.6662, rpn_reg_loss: 0.0103, cls_loss: 2.0832, reg_loss: 0.0297, loss: 2.7894
2019-08-08 19:11:52,307 - INFO - Epoch [1][78/5011]	lr: 0.00100, eta: 1 day, 23:24:46, time: 0.199, data_time: 0.081, memory: 1485, rpn_cls_loss: 0.6699, rpn_reg_loss: 0.0143, cls_loss: 2.0087, reg_loss: 0.0223, loss: 2.7152
2019-08-08 19:11:52,549 - INFO - Epoch [1][79/5011]	lr: 0.00100, eta: 1 day, 23:19:33, time: 0.243, data_time: 0.080, memory: 1485, rpn_cls_loss: 0.6387, rpn_reg_loss: 0.0446, cls_loss: 1.8959, reg_loss: 0.0359, loss: 2.6151
2019-08-08 19:11:52,741 - INFO - Epoch [1][80/5011]	lr: 0.00100, eta: 1 day, 23:08:06, time: 0.192, data_time: 0.071, memory: 1485, rpn_cls_loss: 0.6642, rpn_reg_loss: 0.0024, cls_loss: 1.9603, reg_loss: 0.0263, loss: 2.6531
2019-08-08 19:11:52,915 - INFO - Epoch [1][81/5011]	lr: 0.00100, eta: 1 day, 22:54:42, time: 0.174, data_time: 0.053, memory: 1485, rpn_cls_loss: 0.6646, rpn_reg_loss: 0.0029, cls_loss: 1.9108, reg_loss: 0.0367, loss: 2.6150
2019-08-08 19:11:53,111 - INFO - Epoch [1][82/5011]	lr: 0.00100, eta: 1 day, 22:44:19, time: 0.196, data_time: 0.062, memory: 1485, rpn_cls_loss: 0.6489, rpn_reg_loss: 0.0170, cls_loss: 1.9404, reg_loss: 0.0480, loss: 2.6544
2019-08-08 19:11:53,319 - INFO - Epoch [1][83/5011]	lr: 0.00100, eta: 1 day, 22:35:29, time: 0.207, data_time: 0.056, memory: 1485, rpn_cls_loss: 0.6670, rpn_reg_loss: 0.0397, cls_loss: 1.8411, reg_loss: 0.0439, loss: 2.5917
2019-08-08 19:11:53,532 - INFO - Epoch [1][84/5011]	lr: 0.00100, eta: 1 day, 22:27:49, time: 0.215, data_time: 0.066, memory: 1485, rpn_cls_loss: 0.6489, rpn_reg_loss: 0.0087, cls_loss: 1.8679, reg_loss: 0.0346, loss: 2.5601
2019-08-08 19:11:53,743 - INFO - Epoch [1][85/5011]	lr: 0.00100, eta: 1 day, 22:19:42, time: 0.209, data_time: 0.078, memory: 1485, rpn_cls_loss: 0.6614, rpn_reg_loss: 0.0166, cls_loss: 1.8343, reg_loss: 0.0281, loss: 2.5404
2019-08-08 19:11:53,916 - INFO - Epoch [1][86/5011]	lr: 0.00100, eta: 1 day, 22:07:31, time: 0.173, data_time: 0.052, memory: 1485, rpn_cls_loss: 0.6648, rpn_reg_loss: 0.0367, cls_loss: 1.9750, reg_loss: 0.0376, loss: 2.7141
2019-08-08 19:11:54,096 - INFO - Epoch [1][87/5011]	lr: 0.00100, eta: 1 day, 21:56:32, time: 0.181, data_time: 0.055, memory: 1485, rpn_cls_loss: 0.6474, rpn_reg_loss: 0.0119, cls_loss: 1.9712, reg_loss: 0.0333, loss: 2.6639
2019-08-08 19:11:54,276 - INFO - Epoch [1][88/5011]	lr: 0.00100, eta: 1 day, 21:45:53, time: 0.182, data_time: 0.053, memory: 1485, rpn_cls_loss: 0.6570, rpn_reg_loss: 0.0509, cls_loss: 1.7190, reg_loss: 0.0305, loss: 2.4573
2019-08-08 19:11:54,532 - INFO - Epoch [1][89/5011]	lr: 0.00100, eta: 1 day, 21:43:41, time: 0.255, data_time: 0.088, memory: 1485, rpn_cls_loss: 0.6608, rpn_reg_loss: 0.0060, cls_loss: 1.8691, reg_loss: 0.0273, loss: 2.5631
2019-08-08 19:11:54,757 - INFO - Epoch [1][90/5011]	lr: 0.00100, eta: 1 day, 21:38:13, time: 0.225, data_time: 0.070, memory: 1485, rpn_cls_loss: 0.6588, rpn_reg_loss: 0.0193, cls_loss: 1.7580, reg_loss: 0.0299, loss: 2.4659
2019-08-08 19:11:54,992 - INFO - Epoch [1][91/5011]	lr: 0.00100, eta: 1 day, 21:34:06, time: 0.236, data_time: 0.085, memory: 1485, rpn_cls_loss: 0.6404, rpn_reg_loss: 0.0112, cls_loss: 1.8293, reg_loss: 0.0374, loss: 2.5184
2019-08-08 19:11:55,197 - INFO - Epoch [1][92/5011]	lr: 0.00100, eta: 1 day, 21:26:42, time: 0.205, data_time: 0.078, memory: 1485, rpn_cls_loss: 0.6590, rpn_reg_loss: 0.0048, cls_loss: 1.5199, reg_loss: 0.0296, loss: 2.2132
2019-08-08 19:11:55,437 - INFO - Epoch [1][93/5011]	lr: 0.00100, eta: 1 day, 21:23:14, time: 0.240, data_time: 0.086, memory: 1485, rpn_cls_loss: 0.6541, rpn_reg_loss: 0.0212, cls_loss: 1.6152, reg_loss: 0.0357, loss: 2.3262
2019-08-08 19:11:55,663 - INFO - Epoch [1][94/5011]	lr: 0.00100, eta: 1 day, 21:18:17, time: 0.225, data_time: 0.072, memory: 1485, rpn_cls_loss: 0.6593, rpn_reg_loss: 0.0084, cls_loss: 2.0469, reg_loss: 0.0205, loss: 2.7351
2019-08-08 19:11:55,903 - INFO - Epoch [1][95/5011]	lr: 0.00100, eta: 1 day, 21:15:03, time: 0.241, data_time: 0.072, memory: 1485, rpn_cls_loss: 0.6584, rpn_reg_loss: 0.0223, cls_loss: 1.4698, reg_loss: 0.0307, loss: 2.1813
2019-08-08 19:11:56,095 - INFO - Epoch [1][96/5011]	lr: 0.00100, eta: 1 day, 21:06:42, time: 0.191, data_time: 0.063, memory: 1485, rpn_cls_loss: 0.6556, rpn_reg_loss: 0.0163, cls_loss: 1.8690, reg_loss: 0.0321, loss: 2.5731
2019-08-08 19:11:56,315 - INFO - Epoch [1][97/5011]	lr: 0.00100, eta: 1 day, 21:01:33, time: 0.220, data_time: 0.076, memory: 1485, rpn_cls_loss: 0.6589, rpn_reg_loss: 0.0160, cls_loss: 2.0541, reg_loss: 0.0302, loss: 2.7592
2019-08-08 19:11:56,543 - INFO - Epoch [1][98/5011]	lr: 0.00100, eta: 1 day, 20:57:16, time: 0.228, data_time: 0.070, memory: 1485, rpn_cls_loss: 0.6592, rpn_reg_loss: 0.0198, cls_loss: 1.7962, reg_loss: 0.0441, loss: 2.5193
2019-08-08 19:11:56,771 - INFO - Epoch [1][99/5011]	lr: 0.00100, eta: 1 day, 20:53:01, time: 0.227, data_time: 0.077, memory: 1485, rpn_cls_loss: 0.6455, rpn_reg_loss: 0.0240, cls_loss: 1.8011, reg_loss: 0.0311, loss: 2.5017
2019-08-08 19:11:56,964 - INFO - Epoch [1][100/5011]	lr: 0.00100, eta: 1 day, 20:45:29, time: 0.194, data_time: 0.053, memory: 1485, rpn_cls_loss: 0.6518, rpn_reg_loss: 0.0452, cls_loss: 1.5430, reg_loss: 0.0252, loss: 2.2651
2019-08-08 19:11:57,159 - INFO - Epoch [1][101/5011]	lr: 0.00100, eta: 1 day, 20:38:14, time: 0.195, data_time: 0.067, memory: 1485, rpn_cls_loss: 0.6569, rpn_reg_loss: 0.0153, cls_loss: 1.8004, reg_loss: 0.0259, loss: 2.4985
2019-08-08 19:11:57,414 - INFO - Epoch [1][102/5011]	lr: 0.00100, eta: 1 day, 20:37:06, time: 0.256, data_time: 0.091, memory: 1485, rpn_cls_loss: 0.6552, rpn_reg_loss: 0.0268, cls_loss: 1.6055, reg_loss: 0.0480, loss: 2.3354
2019-08-08 19:11:57,628 - INFO - Epoch [1][103/5011]	lr: 0.00100, eta: 1 day, 20:31:58, time: 0.214, data_time: 0.065, memory: 1485, rpn_cls_loss: 0.6557, rpn_reg_loss: 0.0081, cls_loss: 1.8414, reg_loss: 0.0181, loss: 2.5233
2019-08-08 19:11:57,849 - INFO - Epoch [1][104/5011]	lr: 0.00100, eta: 1 day, 20:27:24, time: 0.219, data_time: 0.072, memory: 1485, rpn_cls_loss: 0.6449, rpn_reg_loss: 0.0054, cls_loss: 2.1338, reg_loss: 0.0393, loss: 2.8233
2019-08-08 19:11:58,231 - INFO - Epoch [1][105/5011]	lr: 0.00100, eta: 1 day, 20:38:29, time: 0.382, data_time: 0.077, memory: 1485, rpn_cls_loss: 0.6440, rpn_reg_loss: nan, cls_loss: 0.7582, reg_loss: 0.0000, loss: nan
2019-08-08 19:11:58,406 - INFO - Epoch [1][106/5011]	lr: 0.00100, eta: 1 day, 20:29:43, time: 0.175, data_time: 0.054, memory: 1485, rpn_cls_loss: 0.6484, rpn_reg_loss: 0.0125, cls_loss: 1.0582, reg_loss: 0.0428, loss: 1.7618
2019-08-08 19:11:58,594 - INFO - Epoch [1][107/5011]	lr: 0.00100, eta: 1 day, 20:22:35, time: 0.190, data_time: 0.059, memory: 1485, rpn_cls_loss: 0.6447, rpn_reg_loss: 0.0114, cls_loss: 1.5138, reg_loss: 0.0464, loss: 2.2163
2019-08-08 19:11:58,780 - INFO - Epoch [1][108/5011]	lr: 0.00100, eta: 1 day, 20:15:09, time: 0.186, data_time: 0.056, memory: 1485, rpn_cls_loss: 0.6398, rpn_reg_loss: 0.0117, cls_loss: 1.9007, reg_loss: 0.0327, loss: 2.5849
2019-08-08 19:11:59,029 - INFO - Epoch [1][109/5011]	lr: 0.00100, eta: 1 day, 20:13:34, time: 0.248, data_time: 0.086, memory: 1485, rpn_cls_loss: 0.6502, rpn_reg_loss: 0.0059, cls_loss: 1.8026, reg_loss: 0.0417, loss: 2.5004
2019-08-08 19:11:59,242 - INFO - Epoch [1][110/5011]	lr: 0.00100, eta: 1 day, 20:08:45, time: 0.212, data_time: 0.071, memory: 1485, rpn_cls_loss: 0.6392, rpn_reg_loss: 0.0109, cls_loss: 1.9598, reg_loss: 0.0289, loss: 2.6389
2019-08-08 19:11:59,416 - INFO - Epoch [1][111/5011]	lr: 0.00100, eta: 1 day, 20:00:37, time: 0.174, data_time: 0.056, memory: 1485, rpn_cls_loss: 0.6449, rpn_reg_loss: 0.0170, cls_loss: 1.9182, reg_loss: 0.0470, loss: 2.6270
2019-08-08 19:11:59,608 - INFO - Epoch [1][112/5011]	lr: 0.00100, eta: 1 day, 19:54:09, time: 0.191, data_time: 0.064, memory: 1485, rpn_cls_loss: 0.6344, rpn_reg_loss: 0.0048, cls_loss: 1.9225, reg_loss: 0.0403, loss: 2.6019
2019-08-08 19:11:59,806 - INFO - Epoch [1][113/5011]	lr: 0.00100, eta: 1 day, 19:48:25, time: 0.198, data_time: 0.056, memory: 1485, rpn_cls_loss: 0.6949, rpn_reg_loss: 0.0629, cls_loss: 1.4977, reg_loss: 0.0396, loss: 2.2951
2019-08-08 19:12:00,005 - INFO - Epoch [1][114/5011]	lr: 0.00100, eta: 1 day, 19:42:57, time: 0.200, data_time: 0.069, memory: 1485, rpn_cls_loss: 0.6636, rpn_reg_loss: 0.0268, cls_loss: 1.7229, reg_loss: 0.0198, loss: 2.4331
2019-08-08 19:12:00,202 - INFO - Epoch [1][115/5011]	lr: 0.00100, eta: 1 day, 19:37:17, time: 0.197, data_time: 0.062, memory: 1485, rpn_cls_loss: 0.6520, rpn_reg_loss: 0.0439, cls_loss: 1.8772, reg_loss: 0.0394, loss: 2.6126
2019-08-08 19:12:00,447 - INFO - Epoch [1][116/5011]	lr: 0.00100, eta: 1 day, 19:35:52, time: 0.245, data_time: 0.086, memory: 1485, rpn_cls_loss: 0.6646, rpn_reg_loss: 0.0168, cls_loss: 2.4103, reg_loss: 0.0512, loss: 3.1429
2019-08-08 19:12:00,660 - INFO - Epoch [1][117/5011]	lr: 0.00100, eta: 1 day, 19:31:43, time: 0.213, data_time: 0.071, memory: 1485, rpn_cls_loss: 0.6516, rpn_reg_loss: 0.0366, cls_loss: 1.5815, reg_loss: 0.0340, loss: 2.3038
2019-08-08 19:12:00,875 - INFO - Epoch [1][118/5011]	lr: 0.00100, eta: 1 day, 19:27:48, time: 0.215, data_time: 0.069, memory: 1485, rpn_cls_loss: 0.6352, rpn_reg_loss: 0.0161, cls_loss: 2.3636, reg_loss: 0.0437, loss: 3.0586
2019-08-08 19:12:01,062 - INFO - Epoch [1][119/5011]	lr: 0.00100, eta: 1 day, 19:21:41, time: 0.188, data_time: 0.056, memory: 1485, rpn_cls_loss: 0.6294, rpn_reg_loss: 0.0059, cls_loss: 1.9277, reg_loss: 0.0363, loss: 2.5992
2019-08-08 19:12:01,296 - INFO - Epoch [1][120/5011]	lr: 0.00100, eta: 1 day, 19:19:33, time: 0.234, data_time: 0.077, memory: 1485, rpn_cls_loss: 0.6585, rpn_reg_loss: 0.0349, cls_loss: 1.4344, reg_loss: 0.0321, loss: 2.1600
2019-08-08 19:12:01,499 - INFO - Epoch [1][121/5011]	lr: 0.00100, eta: 1 day, 19:14:50, time: 0.202, data_time: 0.074, memory: 1485, rpn_cls_loss: 0.6396, rpn_reg_loss: 0.0100, cls_loss: 1.8491, reg_loss: 0.0268, loss: 2.5256
2019-08-08 19:12:01,704 - INFO - Epoch [1][122/5011]	lr: 0.00100, eta: 1 day, 19:10:23, time: 0.205, data_time: 0.058, memory: 1485, rpn_cls_loss: 0.6563, rpn_reg_loss: 0.0272, cls_loss: 1.5064, reg_loss: 0.0389, loss: 2.2288
2019-08-08 19:12:01,955 - INFO - Epoch [1][123/5011]	lr: 0.00100, eta: 1 day, 19:09:45, time: 0.251, data_time: 0.094, memory: 1485, rpn_cls_loss: 0.6148, rpn_reg_loss: 0.0408, cls_loss: 2.0133, reg_loss: 0.0417, loss: 2.7107
2019-08-08 19:12:02,137 - INFO - Epoch [1][124/5011]	lr: 0.00100, eta: 1 day, 19:03:34, time: 0.182, data_time: 0.060, memory: 1485, rpn_cls_loss: 0.6451, rpn_reg_loss: nan, cls_loss: 0.8644, reg_loss: 0.0000, loss: nan
2019-08-08 19:12:02,324 - INFO - Epoch [1][125/5011]	lr: 0.00100, eta: 1 day, 18:57:55, time: 0.187, data_time: 0.055, memory: 1485, rpn_cls_loss: 0.6292, rpn_reg_loss: 0.0251, cls_loss: 1.7558, reg_loss: 0.0358, loss: 2.4460
2019-08-08 19:12:02,528 - INFO - Epoch [1][126/5011]	lr: 0.00100, eta: 1 day, 18:53:43, time: 0.205, data_time: 0.065, memory: 1485, rpn_cls_loss: 0.6285, rpn_reg_loss: 0.0106, cls_loss: 2.0986, reg_loss: 0.0491, loss: 2.7868
2019-08-08 19:12:02,719 - INFO - Epoch [1][127/5011]	lr: 0.00100, eta: 1 day, 18:48:26, time: 0.190, data_time: 0.063, memory: 1485, rpn_cls_loss: 0.6633, rpn_reg_loss: 0.0339, cls_loss: 1.8021, reg_loss: 0.0255, loss: 2.5249
2019-08-08 19:12:02,888 - INFO - Epoch [1][128/5011]	lr: 0.00100, eta: 1 day, 18:41:37, time: 0.169, data_time: 0.054, memory: 1485, rpn_cls_loss: 0.6409, rpn_reg_loss: 0.0207, cls_loss: 1.9149, reg_loss: 0.0444, loss: 2.6208
2019-08-08 19:12:03,053 - INFO - Epoch [1][129/5011]	lr: 0.00100, eta: 1 day, 18:34:35, time: 0.165, data_time: 0.057, memory: 1485, rpn_cls_loss: 0.6369, rpn_reg_loss: 0.0358, cls_loss: 0.9187, reg_loss: 0.0139, loss: 1.6053
2019-08-08 19:12:03,293 - INFO - Epoch [1][130/5011]	lr: 0.00100, eta: 1 day, 18:33:29, time: 0.241, data_time: 0.085, memory: 1485, rpn_cls_loss: 0.6328, rpn_reg_loss: 0.0488, cls_loss: 2.1046, reg_loss: 0.0434, loss: 2.8297
2019-08-08 19:12:03,515 - INFO - Epoch [1][131/5011]	lr: 0.00100, eta: 1 day, 18:31:01, time: 0.223, data_time: 0.072, memory: 1485, rpn_cls_loss: 0.6502, rpn_reg_loss: 0.0178, cls_loss: 1.5732, reg_loss: 0.0354, loss: 2.2765
2019-08-08 19:12:03,719 - INFO - Epoch [1][132/5011]	lr: 0.00100, eta: 1 day, 18:27:09, time: 0.204, data_time: 0.073, memory: 1485, rpn_cls_loss: 0.6487, rpn_reg_loss: 0.0069, cls_loss: 1.8401, reg_loss: 0.0188, loss: 2.5145
2019-08-08 19:12:03,879 - INFO - Epoch [1][133/5011]	lr: 0.00100, eta: 1 day, 18:20:07, time: 0.161, data_time: 0.054, memory: 1485, rpn_cls_loss: 0.6385, rpn_reg_loss: 0.0032, cls_loss: 1.7209, reg_loss: 0.0194, loss: 2.3821
2019-08-08 19:12:04,076 - INFO - Epoch [1][134/5011]	lr: 0.00100, eta: 1 day, 18:15:47, time: 0.196, data_time: 0.053, memory: 1485, rpn_cls_loss: 0.6322, rpn_reg_loss: 0.0278, cls_loss: 1.6153, reg_loss: 0.0227, loss: 2.2980
2019-08-08 19:12:04,303 - INFO - Epoch [1][135/5011]	lr: 0.00100, eta: 1 day, 18:13:49, time: 0.227, data_time: 0.074, memory: 1485, rpn_cls_loss: 0.6438, rpn_reg_loss: 0.0259, cls_loss: 2.1873, reg_loss: 0.0505, loss: 2.9075
2019-08-08 19:12:04,510 - INFO - Epoch [1][136/5011]	lr: 0.00100, eta: 1 day, 18:10:27, time: 0.207, data_time: 0.073, memory: 1485, rpn_cls_loss: 0.6230, rpn_reg_loss: 0.0109, cls_loss: 2.1213, reg_loss: 0.0597, loss: 2.8149
2019-08-08 19:12:04,753 - INFO - Epoch [1][137/5011]	lr: 0.00100, eta: 1 day, 18:09:45, time: 0.243, data_time: 0.079, memory: 1485, rpn_cls_loss: 0.6451, rpn_reg_loss: 0.0251, cls_loss: 1.5061, reg_loss: 0.0291, loss: 2.2053
2019-08-08 19:12:04,951 - INFO - Epoch [1][138/5011]	lr: 0.00100, eta: 1 day, 18:05:48, time: 0.198, data_time: 0.059, memory: 1485, rpn_cls_loss: 0.6493, rpn_reg_loss: 0.0540, cls_loss: 0.9420, reg_loss: 0.0421, loss: 1.6874
2019-08-08 19:12:05,148 - INFO - Epoch [1][139/5011]	lr: 0.00100, eta: 1 day, 18:01:50, time: 0.197, data_time: 0.067, memory: 1485, rpn_cls_loss: 0.6312, rpn_reg_loss: 0.0079, cls_loss: 1.6063, reg_loss: 0.0213, loss: 2.2667
2019-08-08 19:12:05,344 - INFO - Epoch [1][140/5011]	lr: 0.00100, eta: 1 day, 17:57:46, time: 0.195, data_time: 0.070, memory: 1485, rpn_cls_loss: 0.6475, rpn_reg_loss: 0.0270, cls_loss: 1.6025, reg_loss: 0.0394, loss: 2.3164
2019-08-08 19:12:05,523 - INFO - Epoch [1][141/5011]	lr: 0.00100, eta: 1 day, 17:52:37, time: 0.179, data_time: 0.053, memory: 1485, rpn_cls_loss: 0.6533, rpn_reg_loss: 0.0144, cls_loss: 1.9622, reg_loss: 0.0417, loss: 2.6716
2019-08-08 19:12:05,718 - INFO - Epoch [1][142/5011]	lr: 0.00100, eta: 1 day, 17:48:42, time: 0.195, data_time: 0.074, memory: 1485, rpn_cls_loss: 0.6374, rpn_reg_loss: 0.0191, cls_loss: 1.6252, reg_loss: 0.0327, loss: 2.3144
2019-08-08 19:12:05,909 - INFO - Epoch [1][143/5011]	lr: 0.00100, eta: 1 day, 17:44:36, time: 0.192, data_time: 0.070, memory: 1485, rpn_cls_loss: 0.6363, rpn_reg_loss: 0.0311, cls_loss: 1.7492, reg_loss: 0.0351, loss: 2.4516
2019-08-08 19:12:06,159 - INFO - Epoch [1][144/5011]	lr: 0.00100, eta: 1 day, 17:44:37, time: 0.250, data_time: 0.082, memory: 1485, rpn_cls_loss: 0.6502, rpn_reg_loss: 0.0311, cls_loss: 2.3390, reg_loss: 0.0329, loss: 3.0532
2019-08-08 19:12:06,388 - INFO - Epoch [1][145/5011]	lr: 0.00100, eta: 1 day, 17:43:08, time: 0.229, data_time: 0.077, memory: 1485, rpn_cls_loss: 0.6529, rpn_reg_loss: 0.0338, cls_loss: 1.8800, reg_loss: 0.0423, loss: 2.6090
2019-08-08 19:12:06,619 - INFO - Epoch [1][146/5011]	lr: 0.00100, eta: 1 day, 17:41:49, time: 0.231, data_time: 0.084, memory: 1485, rpn_cls_loss: 0.6376, rpn_reg_loss: 0.0170, cls_loss: 1.4964, reg_loss: 0.0175, loss: 2.1685
2019-08-08 19:12:06,850 - INFO - Epoch [1][147/5011]	lr: 0.00100, eta: 1 day, 17:40:34, time: 0.231, data_time: 0.075, memory: 1485, rpn_cls_loss: 0.6189, rpn_reg_loss: 0.0711, cls_loss: 0.6119, reg_loss: 0.0420, loss: 1.3438
2019-08-08 19:12:07,073 - INFO - Epoch [1][148/5011]	lr: 0.00100, eta: 1 day, 17:38:42, time: 0.222, data_time: 0.080, memory: 1485, rpn_cls_loss: 0.6505, rpn_reg_loss: 0.0269, cls_loss: 1.6330, reg_loss: 0.0344, loss: 2.3447
2019-08-08 19:12:07,273 - INFO - Epoch [1][149/5011]	lr: 0.00100, eta: 1 day, 17:35:18, time: 0.199, data_time: 0.078, memory: 1485, rpn_cls_loss: 0.6641, rpn_reg_loss: 0.0196, cls_loss: 1.6053, reg_loss: 0.0331, loss: 2.3221
2019-08-08 19:12:07,480 - INFO - Epoch [1][150/5011]	lr: 0.00100, eta: 1 day, 17:32:39, time: 0.209, data_time: 0.055, memory: 1485, rpn_cls_loss: 0.6390, rpn_reg_loss: 0.0128, cls_loss: 1.8418, reg_loss: 0.0238, loss: 2.5174
2019-08-08 19:12:07,706 - INFO - Epoch [1][151/5011]	lr: 0.00100, eta: 1 day, 17:31:06, time: 0.226, data_time: 0.071, memory: 1485, rpn_cls_loss: 0.6362, rpn_reg_loss: 0.0041, cls_loss: 1.8874, reg_loss: 0.0271, loss: 2.5547
2019-08-08 19:12:07,961 - INFO - Epoch [1][152/5011]	lr: 0.00100, eta: 1 day, 17:31:30, time: 0.255, data_time: 0.085, memory: 1485, rpn_cls_loss: 0.6391, rpn_reg_loss: 0.0169, cls_loss: 2.0049, reg_loss: 0.0452, loss: 2.7061
2019-08-08 19:12:08,163 - INFO - Epoch [1][153/5011]	lr: 0.00100, eta: 1 day, 17:28:32, time: 0.203, data_time: 0.060, memory: 1485, rpn_cls_loss: 0.6418, rpn_reg_loss: 0.0202, cls_loss: 1.6262, reg_loss: 0.0229, loss: 2.3112
2019-08-08 19:12:08,397 - INFO - Epoch [1][154/5011]	lr: 0.00100, eta: 1 day, 17:27:27, time: 0.232, data_time: 0.081, memory: 1485, rpn_cls_loss: 0.6282, rpn_reg_loss: 0.0372, cls_loss: 2.1079, reg_loss: 0.0698, loss: 2.8431
2019-08-08 19:12:08,583 - INFO - Epoch [1][155/5011]	lr: 0.00100, eta: 1 day, 17:23:27, time: 0.186, data_time: 0.055, memory: 1485, rpn_cls_loss: 0.6520, rpn_reg_loss: 0.0255, cls_loss: 1.7989, reg_loss: 0.0307, loss: 2.5071
2019-08-08 19:12:08,770 - INFO - Epoch [1][156/5011]	lr: 0.00100, eta: 1 day, 17:19:31, time: 0.187, data_time: 0.064, memory: 1485, rpn_cls_loss: 0.6375, rpn_reg_loss: 0.0065, cls_loss: 1.8018, reg_loss: 0.0394, loss: 2.4851
2019-08-08 19:12:08,967 - INFO - Epoch [1][157/5011]	lr: 0.00100, eta: 1 day, 17:16:18, time: 0.197, data_time: 0.056, memory: 1485, rpn_cls_loss: 0.6138, rpn_reg_loss: 0.0568, cls_loss: 1.9928, reg_loss: 0.0606, loss: 2.7240
2019-08-08 19:12:09,151 - INFO - Epoch [1][158/5011]	lr: 0.00100, eta: 1 day, 17:12:15, time: 0.183, data_time: 0.059, memory: 1485, rpn_cls_loss: 0.6266, rpn_reg_loss: 0.0340, cls_loss: 0.6888, reg_loss: 0.0365, loss: 1.3858
2019-08-08 19:12:09,357 - INFO - Epoch [1][159/5011]	lr: 0.00100, eta: 1 day, 17:09:41, time: 0.206, data_time: 0.073, memory: 1485, rpn_cls_loss: 0.6539, rpn_reg_loss: 0.0401, cls_loss: 1.3453, reg_loss: 0.0540, loss: 2.0933
2019-08-08 19:12:09,595 - INFO - Epoch [1][160/5011]	lr: 0.00100, eta: 1 day, 17:09:16, time: 0.240, data_time: 0.082, memory: 1485, rpn_cls_loss: 0.6303, rpn_reg_loss: 0.0179, cls_loss: 1.7371, reg_loss: 0.0390, loss: 2.4244
2019-08-08 19:12:09,802 - INFO - Epoch [1][161/5011]	lr: 0.00100, eta: 1 day, 17:06:45, time: 0.206, data_time: 0.071, memory: 1485, rpn_cls_loss: 0.6265, rpn_reg_loss: 0.0162, cls_loss: 1.7669, reg_loss: 0.0423, loss: 2.4520
2019-08-08 19:12:10,045 - INFO - Epoch [1][162/5011]	lr: 0.00100, eta: 1 day, 17:06:33, time: 0.243, data_time: 0.080, memory: 1485, rpn_cls_loss: 0.6230, rpn_reg_loss: 0.0438, cls_loss: 1.7019, reg_loss: 0.0492, loss: 2.4180
2019-08-08 19:12:10,262 - INFO - Epoch [1][163/5011]	lr: 0.00100, eta: 1 day, 17:04:48, time: 0.218, data_time: 0.071, memory: 1485, rpn_cls_loss: 0.6247, rpn_reg_loss: 0.0133, cls_loss: 1.3594, reg_loss: 0.0259, loss: 2.0233
2019-08-08 19:12:10,497 - INFO - Epoch [1][164/5011]	lr: 0.00100, eta: 1 day, 17:04:03, time: 0.234, data_time: 0.086, memory: 1485, rpn_cls_loss: 0.6146, rpn_reg_loss: 0.0327, cls_loss: 1.3322, reg_loss: 0.0484, loss: 2.0279
2019-08-08 19:12:10,740 - INFO - Epoch [1][165/5011]	lr: 0.00100, eta: 1 day, 17:03:51, time: 0.243, data_time: 0.077, memory: 1485, rpn_cls_loss: 0.6569, rpn_reg_loss: 0.0174, cls_loss: 1.6472, reg_loss: 0.0409, loss: 2.3624
2019-08-08 19:12:10,926 - INFO - Epoch [1][166/5011]	lr: 0.00100, eta: 1 day, 17:00:13, time: 0.186, data_time: 0.061, memory: 1485, rpn_cls_loss: 0.6362, rpn_reg_loss: nan, cls_loss: 0.8666, reg_loss: 0.0000, loss: nan
2019-08-08 19:12:11,131 - INFO - Epoch [1][167/5011]	lr: 0.00100, eta: 1 day, 16:57:49, time: 0.206, data_time: 0.062, memory: 1485, rpn_cls_loss: 0.6463, rpn_reg_loss: 0.0245, cls_loss: 1.5513, reg_loss: 0.0253, loss: 2.2474
2019-08-08 19:12:11,373 - INFO - Epoch [1][168/5011]	lr: 0.00100, eta: 1 day, 16:57:38, time: 0.242, data_time: 0.080, memory: 1485, rpn_cls_loss: 0.6228, rpn_reg_loss: 0.0191, cls_loss: 2.0731, reg_loss: 0.0702, loss: 2.7852
2019-08-08 19:12:11,604 - INFO - Epoch [1][169/5011]	lr: 0.00100, eta: 1 day, 16:56:45, time: 0.230, data_time: 0.073, memory: 1487, rpn_cls_loss: 0.6311, rpn_reg_loss: 0.0239, cls_loss: 1.3807, reg_loss: 0.0235, loss: 2.0592
2019-08-08 19:12:11,786 - INFO - Epoch [1][170/5011]	lr: 0.00100, eta: 1 day, 16:53:02, time: 0.182, data_time: 0.054, memory: 1487, rpn_cls_loss: 0.6268, rpn_reg_loss: 0.0100, cls_loss: 1.7025, reg_loss: 0.0399, loss: 2.3792
2019-08-08 19:12:11,975 - INFO - Epoch [1][171/5011]	lr: 0.00100, eta: 1 day, 16:49:44, time: 0.188, data_time: 0.056, memory: 1487, rpn_cls_loss: 0.6580, rpn_reg_loss: 0.0333, cls_loss: 1.5330, reg_loss: 0.0486, loss: 2.2729
2019-08-08 19:12:12,212 - INFO - Epoch [1][172/5011]	lr: 0.00100, eta: 1 day, 16:49:17, time: 0.237, data_time: 0.094, memory: 1487, rpn_cls_loss: 0.6429, rpn_reg_loss: 0.0317, cls_loss: 2.0132, reg_loss: 0.0368, loss: 2.7246
2019-08-08 19:12:12,385 - INFO - Epoch [1][173/5011]	lr: 0.00100, eta: 1 day, 16:45:07, time: 0.173, data_time: 0.054, memory: 1487, rpn_cls_loss: 0.6368, rpn_reg_loss: 0.0027, cls_loss: 1.7068, reg_loss: 0.0304, loss: 2.3768
2019-08-08 19:12:12,623 - INFO - Epoch [1][174/5011]	lr: 0.00100, eta: 1 day, 16:44:47, time: 0.238, data_time: 0.087, memory: 1487, rpn_cls_loss: 0.6054, rpn_reg_loss: 0.0047, cls_loss: 1.8385, reg_loss: 0.0319, loss: 2.4806
2019-08-08 19:12:12,844 - INFO - Epoch [1][175/5011]	lr: 0.00100, eta: 1 day, 16:43:28, time: 0.221, data_time: 0.070, memory: 1487, rpn_cls_loss: 0.6184, rpn_reg_loss: 0.0027, cls_loss: 2.2075, reg_loss: 0.0421, loss: 2.8707
2019-08-08 19:12:13,049 - INFO - Epoch [1][176/5011]	lr: 0.00100, eta: 1 day, 16:41:19, time: 0.206, data_time: 0.073, memory: 1487, rpn_cls_loss: 0.6369, rpn_reg_loss: 0.0043, cls_loss: 1.9976, reg_loss: 0.0396, loss: 2.6784
2019-08-08 19:12:13,280 - INFO - Epoch [1][177/5011]	lr: 0.00100, eta: 1 day, 16:40:33, time: 0.230, data_time: 0.087, memory: 1487, rpn_cls_loss: 0.6397, rpn_reg_loss: 0.0164, cls_loss: 1.8556, reg_loss: 0.0261, loss: 2.5378
2019-08-08 19:12:13,481 - INFO - Epoch [1][178/5011]	lr: 0.00100, eta: 1 day, 16:38:09, time: 0.201, data_time: 0.061, memory: 1487, rpn_cls_loss: 0.6370, rpn_reg_loss: 0.0145, cls_loss: 1.6218, reg_loss: 0.0238, loss: 2.2971
2019-08-08 19:12:13,690 - INFO - Epoch [1][179/5011]	lr: 0.00100, eta: 1 day, 16:36:12, time: 0.209, data_time: 0.084, memory: 1487, rpn_cls_loss: 0.6023, rpn_reg_loss: 0.0332, cls_loss: 1.6039, reg_loss: 0.0367, loss: 2.2760
2019-08-08 19:12:13,901 - INFO - Epoch [1][180/5011]	lr: 0.00100, eta: 1 day, 16:34:27, time: 0.212, data_time: 0.057, memory: 1487, rpn_cls_loss: 0.6002, rpn_reg_loss: 0.0203, cls_loss: 1.8398, reg_loss: 0.0509, loss: 2.5112
2019-08-08 19:12:14,109 - INFO - Epoch [1][181/5011]	lr: 0.00100, eta: 1 day, 16:32:28, time: 0.207, data_time: 0.067, memory: 1487, rpn_cls_loss: 0.6231, rpn_reg_loss: 0.0038, cls_loss: 2.0010, reg_loss: 0.0481, loss: 2.6760
2019-08-08 19:12:14,357 - INFO - Epoch [1][182/5011]	lr: 0.00100, eta: 1 day, 16:32:45, time: 0.248, data_time: 0.086, memory: 1487, rpn_cls_loss: 0.6186, rpn_reg_loss: 0.0145, cls_loss: 2.0249, reg_loss: 0.0310, loss: 2.6890
2019-08-08 19:12:14,540 - INFO - Epoch [1][183/5011]	lr: 0.00100, eta: 1 day, 16:29:29, time: 0.183, data_time: 0.056, memory: 1487, rpn_cls_loss: 0.6532, rpn_reg_loss: 0.0532, cls_loss: 1.3707, reg_loss: 0.0243, loss: 2.1013
2019-08-08 19:12:14,715 - INFO - Epoch [1][184/5011]	lr: 0.00100, eta: 1 day, 16:25:47, time: 0.175, data_time: 0.055, memory: 1487, rpn_cls_loss: 0.6309, rpn_reg_loss: 0.0080, cls_loss: 1.9455, reg_loss: 0.0251, loss: 2.6094
2019-08-08 19:12:14,908 - INFO - Epoch [1][185/5011]	lr: 0.00100, eta: 1 day, 16:23:05, time: 0.193, data_time: 0.064, memory: 1487, rpn_cls_loss: 0.6219, rpn_reg_loss: 0.0238, cls_loss: 1.5657, reg_loss: 0.0493, loss: 2.2608
2019-08-08 19:12:15,129 - INFO - Epoch [1][186/5011]	lr: 0.00100, eta: 1 day, 16:21:59, time: 0.221, data_time: 0.063, memory: 1487, rpn_cls_loss: 0.6405, rpn_reg_loss: 0.0364, cls_loss: 2.1389, reg_loss: 0.0321, loss: 2.8478
2019-08-08 19:12:15,317 - INFO - Epoch [1][187/5011]	lr: 0.00100, eta: 1 day, 16:19:03, time: 0.187, data_time: 0.062, memory: 1487, rpn_cls_loss: 0.6323, rpn_reg_loss: 0.0591, cls_loss: 1.9344, reg_loss: 0.0314, loss: 2.6571
2019-08-08 19:12:15,560 - INFO - Epoch [1][188/5011]	lr: 0.00100, eta: 1 day, 16:19:14, time: 0.245, data_time: 0.091, memory: 1487, rpn_cls_loss: 0.6128, rpn_reg_loss: 0.0088, cls_loss: 2.2635, reg_loss: 0.0411, loss: 2.9262
2019-08-08 19:12:15,787 - INFO - Epoch [1][189/5011]	lr: 0.00100, eta: 1 day, 16:18:22, time: 0.225, data_time: 0.083, memory: 1487, rpn_cls_loss: 0.6141, rpn_reg_loss: 0.0481, cls_loss: 2.0241, reg_loss: 0.0394, loss: 2.7257
2019-08-08 19:12:15,982 - INFO - Epoch [1][190/5011]	lr: 0.00100, eta: 1 day, 16:16:02, time: 0.197, data_time: 0.054, memory: 1487, rpn_cls_loss: 0.6374, rpn_reg_loss: 0.0172, cls_loss: 1.8840, reg_loss: 0.0260, loss: 2.5646
2019-08-08 19:12:16,209 - INFO - Epoch [1][191/5011]	lr: 0.00100, eta: 1 day, 16:15:14, time: 0.226, data_time: 0.074, memory: 1487, rpn_cls_loss: 0.6390, rpn_reg_loss: 0.0257, cls_loss: 2.2132, reg_loss: 0.0407, loss: 2.9186
2019-08-08 19:12:16,440 - INFO - Epoch [1][192/5011]	lr: 0.00100, eta: 1 day, 16:14:40, time: 0.230, data_time: 0.081, memory: 1487, rpn_cls_loss: 0.6120, rpn_reg_loss: 0.0166, cls_loss: 1.6223, reg_loss: 0.0326, loss: 2.2835
2019-08-08 19:12:16,638 - INFO - Epoch [1][193/5011]	lr: 0.00100, eta: 1 day, 16:12:31, time: 0.200, data_time: 0.062, memory: 1487, rpn_cls_loss: 0.6111, rpn_reg_loss: 0.0074, cls_loss: 2.0470, reg_loss: 0.0410, loss: 2.7066
2019-08-08 19:12:16,855 - INFO - Epoch [1][194/5011]	lr: 0.00100, eta: 1 day, 16:11:12, time: 0.215, data_time: 0.080, memory: 1487, rpn_cls_loss: 0.6359, rpn_reg_loss: 0.0373, cls_loss: 1.5302, reg_loss: 0.0266, loss: 2.2300
2019-08-08 19:12:17,066 - INFO - Epoch [1][195/5011]	lr: 0.00100, eta: 1 day, 16:09:40, time: 0.211, data_time: 0.078, memory: 1487, rpn_cls_loss: 0.6245, rpn_reg_loss: 0.0024, cls_loss: 1.9145, reg_loss: 0.0247, loss: 2.5660
2019-08-08 19:12:17,263 - INFO - Epoch [1][196/5011]	lr: 0.00100, eta: 1 day, 16:07:29, time: 0.198, data_time: 0.071, memory: 1487, rpn_cls_loss: 0.6344, rpn_reg_loss: 0.0136, cls_loss: 1.5618, reg_loss: 0.0175, loss: 2.2273
2019-08-08 19:12:17,497 - INFO - Epoch [1][197/5011]	lr: 0.00100, eta: 1 day, 16:07:08, time: 0.234, data_time: 0.083, memory: 1487, rpn_cls_loss: 0.6070, rpn_reg_loss: 0.0171, cls_loss: 2.1263, reg_loss: 0.0411, loss: 2.7915
2019-08-08 19:12:17,724 - INFO - Epoch [1][198/5011]	lr: 0.00100, eta: 1 day, 16:06:28, time: 0.227, data_time: 0.073, memory: 1487, rpn_cls_loss: 0.6183, rpn_reg_loss: 0.0038, cls_loss: 1.9440, reg_loss: 0.0311, loss: 2.5973
2019-08-08 19:12:17,965 - INFO - Epoch [1][199/5011]	lr: 0.00100, eta: 1 day, 16:06:31, time: 0.242, data_time: 0.078, memory: 1487, rpn_cls_loss: 0.6084, rpn_reg_loss: 0.0130, cls_loss: 1.8014, reg_loss: 0.0503, loss: 2.4730
2019-08-08 19:12:18,148 - INFO - Epoch [1][200/5011]	lr: 0.00100, eta: 1 day, 16:03:39, time: 0.183, data_time: 0.067, memory: 1487, rpn_cls_loss: 0.6119, rpn_reg_loss: nan, cls_loss: 0.7336, reg_loss: 0.0000, loss: nan
2019-08-08 19:12:18,384 - INFO - Epoch [1][201/5011]	lr: 0.00100, eta: 1 day, 16:03:27, time: 0.236, data_time: 0.084, memory: 1487, rpn_cls_loss: 0.6150, rpn_reg_loss: 0.0122, cls_loss: 1.5923, reg_loss: 0.0286, loss: 2.2480
2019-08-08 19:12:18,606 - INFO - Epoch [1][202/5011]	lr: 0.00100, eta: 1 day, 16:02:32, time: 0.221, data_time: 0.071, memory: 1487, rpn_cls_loss: 0.6101, rpn_reg_loss: 0.0156, cls_loss: 2.1930, reg_loss: 0.0399, loss: 2.8586
2019-08-08 19:12:18,835 - INFO - Epoch [1][203/5011]	lr: 0.00100, eta: 1 day, 16:02:00, time: 0.229, data_time: 0.073, memory: 1487, rpn_cls_loss: 0.6106, rpn_reg_loss: 0.0329, cls_loss: 1.1482, reg_loss: 0.0171, loss: 1.8087
2019-08-08 19:12:19,040 - INFO - Epoch [1][204/5011]	lr: 0.00100, eta: 1 day, 16:00:17, time: 0.205, data_time: 0.078, memory: 1487, rpn_cls_loss: 0.6316, rpn_reg_loss: 0.0333, cls_loss: 1.1051, reg_loss: 0.0510, loss: 1.8211
2019-08-08 19:12:19,241 - INFO - Epoch [1][205/5011]	lr: 0.00100, eta: 1 day, 15:58:23, time: 0.201, data_time: 0.062, memory: 1487, rpn_cls_loss: 0.6166, rpn_reg_loss: 0.0371, cls_loss: 1.7162, reg_loss: 0.0557, loss: 2.4256
2019-08-08 19:12:19,429 - INFO - Epoch [1][206/5011]	lr: 0.00100, eta: 1 day, 15:55:53, time: 0.188, data_time: 0.062, memory: 1487, rpn_cls_loss: 0.5985, rpn_reg_loss: 0.0311, cls_loss: 2.0580, reg_loss: 0.0360, loss: 2.7236
2019-08-08 19:12:19,617 - INFO - Epoch [1][207/5011]	lr: 0.00100, eta: 1 day, 15:53:26, time: 0.189, data_time: 0.062, memory: 1487, rpn_cls_loss: 0.6273, rpn_reg_loss: 0.0076, cls_loss: 1.7153, reg_loss: 0.0341, loss: 2.3843
2019-08-08 19:12:19,886 - INFO - Epoch [1][208/5011]	lr: 0.00100, eta: 1 day, 15:54:48, time: 0.268, data_time: 0.085, memory: 1487, rpn_cls_loss: 0.6251, rpn_reg_loss: 0.0176, cls_loss: 0.6418, reg_loss: 0.0179, loss: 1.3024
2019-08-08 19:12:20,104 - INFO - Epoch [1][209/5011]	lr: 0.00100, eta: 1 day, 15:53:50, time: 0.219, data_time: 0.065, memory: 1487, rpn_cls_loss: 0.6144, rpn_reg_loss: 0.0162, cls_loss: 2.2327, reg_loss: 0.0327, loss: 2.8959
2019-08-08 19:12:20,308 - INFO - Epoch [1][210/5011]	lr: 0.00100, eta: 1 day, 15:52:11, time: 0.205, data_time: 0.076, memory: 1487, rpn_cls_loss: 0.6128, rpn_reg_loss: 0.0154, cls_loss: 1.5986, reg_loss: 0.0384, loss: 2.2653
2019-08-08 19:12:20,538 - INFO - Epoch [1][211/5011]	lr: 0.00100, eta: 1 day, 15:51:45, time: 0.230, data_time: 0.075, memory: 1487, rpn_cls_loss: 0.5979, rpn_reg_loss: 0.0230, cls_loss: 2.0095, reg_loss: 0.0398, loss: 2.6702
2019-08-08 19:12:20,760 - INFO - Epoch [1][212/5011]	lr: 0.00100, eta: 1 day, 15:50:55, time: 0.221, data_time: 0.073, memory: 1487, rpn_cls_loss: 0.6250, rpn_reg_loss: 0.0077, cls_loss: 2.3727, reg_loss: 0.0236, loss: 3.0290
2019-08-08 19:12:20,952 - INFO - Epoch [1][213/5011]	lr: 0.00100, eta: 1 day, 15:48:43, time: 0.192, data_time: 0.072, memory: 1487, rpn_cls_loss: 0.6139, rpn_reg_loss: 0.0097, cls_loss: 1.6288, reg_loss: 0.0349, loss: 2.2873
2019-08-08 19:12:21,141 - INFO - Epoch [1][214/5011]	lr: 0.00100, eta: 1 day, 15:46:23, time: 0.189, data_time: 0.060, memory: 1487, rpn_cls_loss: 0.5987, rpn_reg_loss: 0.0341, cls_loss: 1.6365, reg_loss: 0.0439, loss: 2.3132
2019-08-08 19:12:21,392 - INFO - Epoch [1][215/5011]	lr: 0.00100, eta: 1 day, 15:47:02, time: 0.252, data_time: 0.087, memory: 1487, rpn_cls_loss: 0.6159, rpn_reg_loss: 0.0262, cls_loss: 1.5992, reg_loss: 0.0267, loss: 2.2680
2019-08-08 19:12:21,588 - INFO - Epoch [1][216/5011]	lr: 0.00100, eta: 1 day, 15:45:00, time: 0.194, data_time: 0.074, memory: 1487, rpn_cls_loss: 0.6649, rpn_reg_loss: 0.1249, cls_loss: 0.8368, reg_loss: 0.0000, loss: 1.6266
2019-08-08 19:12:21,756 - INFO - Epoch [1][217/5011]	lr: 0.00100, eta: 1 day, 15:41:52, time: 0.170, data_time: 0.047, memory: 1487, rpn_cls_loss: 0.5921, rpn_reg_loss: 0.0422, cls_loss: 1.2712, reg_loss: 0.0510, loss: 1.9565
2019-08-08 19:12:21,966 - INFO - Epoch [1][218/5011]	lr: 0.00100, eta: 1 day, 15:40:31, time: 0.208, data_time: 0.062, memory: 1487, rpn_cls_loss: 0.6201, rpn_reg_loss: 0.0100, cls_loss: 1.5442, reg_loss: 0.0287, loss: 2.2030
2019-08-08 19:12:22,197 - INFO - Epoch [1][219/5011]	lr: 0.00100, eta: 1 day, 15:40:11, time: 0.230, data_time: 0.079, memory: 1487, rpn_cls_loss: 0.6726, rpn_reg_loss: 0.0396, cls_loss: 1.3923, reg_loss: 0.0300, loss: 2.1346
2019-08-08 19:12:22,424 - INFO - Epoch [1][220/5011]	lr: 0.00100, eta: 1 day, 15:39:43, time: 0.227, data_time: 0.078, memory: 1487, rpn_cls_loss: 0.5991, rpn_reg_loss: 0.0070, cls_loss: 2.1455, reg_loss: 0.0466, loss: 2.7982
2019-08-08 19:12:22,660 - INFO - Epoch [1][221/5011]	lr: 0.00100, eta: 1 day, 15:39:39, time: 0.236, data_time: 0.087, memory: 1487, rpn_cls_loss: 0.6106, rpn_reg_loss: 0.0422, cls_loss: 2.0760, reg_loss: 0.0508, loss: 2.7795
2019-08-08 19:12:22,886 - INFO - Epoch [1][222/5011]	lr: 0.00100, eta: 1 day, 15:39:06, time: 0.226, data_time: 0.080, memory: 1487, rpn_cls_loss: 0.6209, rpn_reg_loss: 0.0123, cls_loss: 1.9818, reg_loss: 0.0371, loss: 2.6521
2019-08-08 19:12:23,078 - INFO - Epoch [1][223/5011]	lr: 0.00100, eta: 1 day, 15:37:04, time: 0.192, data_time: 0.057, memory: 1487, rpn_cls_loss: 0.5975, rpn_reg_loss: 0.0270, cls_loss: 1.2735, reg_loss: 0.0511, loss: 1.9492
2019-08-08 19:12:23,276 - INFO - Epoch [1][224/5011]	lr: 0.00100, eta: 1 day, 15:35:20, time: 0.199, data_time: 0.068, memory: 1487, rpn_cls_loss: 0.6113, rpn_reg_loss: 0.0277, cls_loss: 1.3804, reg_loss: 0.0357, loss: 2.0551
2019-08-08 19:12:23,477 - INFO - Epoch [1][225/5011]	lr: 0.00100, eta: 1 day, 15:33:42, time: 0.200, data_time: 0.075, memory: 1487, rpn_cls_loss: 0.6004, rpn_reg_loss: 0.0401, cls_loss: 1.9877, reg_loss: 0.0439, loss: 2.6720
2019-08-08 19:12:23,689 - INFO - Epoch [1][226/5011]	lr: 0.00100, eta: 1 day, 15:32:36, time: 0.212, data_time: 0.042, memory: 1487, rpn_cls_loss: 0.6024, rpn_reg_loss: 0.0263, cls_loss: 1.6138, reg_loss: 0.0334, loss: 2.2759
2019-08-08 19:12:23,879 - INFO - Epoch [1][227/5011]	lr: 0.00100, eta: 1 day, 15:30:34, time: 0.191, data_time: 0.059, memory: 1487, rpn_cls_loss: 0.6012, rpn_reg_loss: 0.0106, cls_loss: 1.8192, reg_loss: 0.0587, loss: 2.4897
2019-08-08 19:12:24,067 - INFO - Epoch [1][228/5011]	lr: 0.00100, eta: 1 day, 15:28:25, time: 0.188, data_time: 0.058, memory: 1487, rpn_cls_loss: 0.6257, rpn_reg_loss: 0.0063, cls_loss: 2.0356, reg_loss: 0.0291, loss: 2.6968
2019-08-08 19:12:24,240 - INFO - Epoch [1][229/5011]	lr: 0.00100, eta: 1 day, 15:25:38, time: 0.173, data_time: 0.056, memory: 1487, rpn_cls_loss: 0.6030, rpn_reg_loss: 0.0087, cls_loss: 1.5785, reg_loss: 0.0236, loss: 2.2138
2019-08-08 19:12:24,435 - INFO - Epoch [1][230/5011]	lr: 0.00100, eta: 1 day, 15:23:53, time: 0.196, data_time: 0.063, memory: 1487, rpn_cls_loss: 0.5980, rpn_reg_loss: 0.0325, cls_loss: 1.7259, reg_loss: 0.0432, loss: 2.3996
2019-08-08 19:12:24,678 - INFO - Epoch [1][231/5011]	lr: 0.00100, eta: 1 day, 15:24:10, time: 0.243, data_time: 0.091, memory: 1487, rpn_cls_loss: 0.5839, rpn_reg_loss: 0.0069, cls_loss: 1.5377, reg_loss: 0.0258, loss: 2.1544
2019-08-08 19:12:24,901 - INFO - Epoch [1][232/5011]	lr: 0.00100, eta: 1 day, 15:23:34, time: 0.222, data_time: 0.073, memory: 1487, rpn_cls_loss: 0.5982, rpn_reg_loss: 0.0193, cls_loss: 1.8379, reg_loss: 0.0333, loss: 2.4887
2019-08-08 19:12:25,135 - INFO - Epoch [1][233/5011]	lr: 0.00100, eta: 1 day, 15:23:31, time: 0.235, data_time: 0.079, memory: 1487, rpn_cls_loss: 0.6759, rpn_reg_loss: 0.0599, cls_loss: 0.9202, reg_loss: 0.0319, loss: 1.6879
2019-08-08 19:12:25,357 - INFO - Epoch [1][234/5011]	lr: 0.00100, eta: 1 day, 15:22:55, time: 0.222, data_time: 0.072, memory: 1487, rpn_cls_loss: 0.6009, rpn_reg_loss: 0.0082, cls_loss: 1.7127, reg_loss: 0.0307, loss: 2.3524
2019-08-08 19:12:25,581 - INFO - Epoch [1][235/5011]	lr: 0.00100, eta: 1 day, 15:22:23, time: 0.224, data_time: 0.081, memory: 1487, rpn_cls_loss: 0.6012, rpn_reg_loss: 0.0025, cls_loss: 1.8705, reg_loss: 0.0324, loss: 2.5066
2019-08-08 19:12:25,777 - INFO - Epoch [1][236/5011]	lr: 0.00100, eta: 1 day, 15:20:38, time: 0.195, data_time: 0.080, memory: 1487, rpn_cls_loss: 0.5854, rpn_reg_loss: 0.0218, cls_loss: 1.5095, reg_loss: 0.0305, loss: 2.1472
2019-08-08 19:12:25,966 - INFO - Epoch [1][237/5011]	lr: 0.00100, eta: 1 day, 15:18:39, time: 0.189, data_time: 0.060, memory: 1487, rpn_cls_loss: 0.6073, rpn_reg_loss: 0.0123, cls_loss: 1.8134, reg_loss: 0.0316, loss: 2.4645
2019-08-08 19:12:26,143 - INFO - Epoch [1][238/5011]	lr: 0.00100, eta: 1 day, 15:16:12, time: 0.177, data_time: 0.057, memory: 1487, rpn_cls_loss: 0.6193, rpn_reg_loss: 0.0061, cls_loss: 2.0207, reg_loss: 0.0386, loss: 2.6847
2019-08-08 19:12:26,312 - INFO - Epoch [1][239/5011]	lr: 0.00100, eta: 1 day, 15:13:25, time: 0.169, data_time: 0.057, memory: 1487, rpn_cls_loss: 0.5991, rpn_reg_loss: 0.0283, cls_loss: 0.7550, reg_loss: 0.0000, loss: 1.3825
2019-08-08 19:12:26,556 - INFO - Epoch [1][240/5011]	lr: 0.00100, eta: 1 day, 15:13:49, time: 0.244, data_time: 0.088, memory: 1487, rpn_cls_loss: 0.5950, rpn_reg_loss: 0.0407, cls_loss: 1.9811, reg_loss: 0.0516, loss: 2.6684
2019-08-08 19:12:26,758 - INFO - Epoch [1][241/5011]	lr: 0.00100, eta: 1 day, 15:12:25, time: 0.202, data_time: 0.075, memory: 1487, rpn_cls_loss: 0.6232, rpn_reg_loss: 0.0384, cls_loss: 1.2067, reg_loss: 0.0326, loss: 1.9010
2019-08-08 19:12:26,949 - INFO - Epoch [1][242/5011]	lr: 0.00100, eta: 1 day, 15:10:38, time: 0.192, data_time: 0.055, memory: 1487, rpn_cls_loss: 0.5961, rpn_reg_loss: 0.0143, cls_loss: 1.6226, reg_loss: 0.0407, loss: 2.2737
2019-08-08 19:12:27,155 - INFO - Epoch [1][243/5011]	lr: 0.00100, eta: 1 day, 15:09:26, time: 0.206, data_time: 0.082, memory: 1487, rpn_cls_loss: 0.6099, rpn_reg_loss: 0.0067, cls_loss: 0.9979, reg_loss: 0.0153, loss: 1.6298
2019-08-08 19:12:27,407 - INFO - Epoch [1][244/5011]	lr: 0.00100, eta: 1 day, 15:10:10, time: 0.252, data_time: 0.085, memory: 1487, rpn_cls_loss: 0.6266, rpn_reg_loss: 0.0177, cls_loss: 1.5466, reg_loss: 0.0234, loss: 2.2143
2019-08-08 19:12:27,617 - INFO - Epoch [1][245/5011]	lr: 0.00100, eta: 1 day, 15:09:07, time: 0.209, data_time: 0.071, memory: 1487, rpn_cls_loss: 0.6001, rpn_reg_loss: 0.0283, cls_loss: 1.8416, reg_loss: 0.0405, loss: 2.5106
2019-08-08 19:12:27,799 - INFO - Epoch [1][246/5011]	lr: 0.00100, eta: 1 day, 15:06:58, time: 0.182, data_time: 0.059, memory: 1487, rpn_cls_loss: 0.6346, rpn_reg_loss: 0.0333, cls_loss: 1.4935, reg_loss: 0.0258, loss: 2.1872
2019-08-08 19:12:28,000 - INFO - Epoch [1][247/5011]	lr: 0.00100, eta: 1 day, 15:05:39, time: 0.202, data_time: 0.060, memory: 1487, rpn_cls_loss: 0.5808, rpn_reg_loss: 0.0172, cls_loss: 2.2720, reg_loss: 0.0490, loss: 2.9190
2019-08-08 19:12:28,232 - INFO - Epoch [1][248/5011]	lr: 0.00100, eta: 1 day, 15:05:34, time: 0.232, data_time: 0.080, memory: 1487, rpn_cls_loss: 0.5950, rpn_reg_loss: 0.0036, cls_loss: 1.5129, reg_loss: 0.0275, loss: 2.1390
2019-08-08 19:12:28,426 - INFO - Epoch [1][249/5011]	lr: 0.00100, eta: 1 day, 15:03:58, time: 0.194, data_time: 0.059, memory: 1487, rpn_cls_loss: 0.6030, rpn_reg_loss: 0.0072, cls_loss: 1.5302, reg_loss: 0.0214, loss: 2.1617
2019-08-08 19:12:28,656 - INFO - Epoch [1][250/5011]	lr: 0.00100, eta: 1 day, 15:03:47, time: 0.229, data_time: 0.078, memory: 1487, rpn_cls_loss: 0.5767, rpn_reg_loss: 0.0362, cls_loss: 1.6311, reg_loss: 0.0315, loss: 2.2754
2019-08-08 19:12:28,895 - INFO - Epoch [1][251/5011]	lr: 0.00100, eta: 1 day, 15:03:58, time: 0.239, data_time: 0.084, memory: 1487, rpn_cls_loss: 0.6102, rpn_reg_loss: 0.0292, cls_loss: 0.7364, reg_loss: 0.0000, loss: 1.3759
2019-08-08 19:12:29,122 - INFO - Epoch [1][252/5011]	lr: 0.00100, eta: 1 day, 15:03:43, time: 0.228, data_time: 0.077, memory: 1487, rpn_cls_loss: 0.5790, rpn_reg_loss: 0.0366, cls_loss: 2.0435, reg_loss: 0.0540, loss: 2.7130
2019-08-08 19:12:29,339 - INFO - Epoch [1][253/5011]	lr: 0.00100, eta: 1 day, 15:03:01, time: 0.217, data_time: 0.074, memory: 1487, rpn_cls_loss: 0.5977, rpn_reg_loss: 0.0115, cls_loss: 0.7092, reg_loss: 0.0000, loss: 1.3184
2019-08-08 19:12:29,576 - INFO - Epoch [1][254/5011]	lr: 0.00100, eta: 1 day, 15:03:08, time: 0.237, data_time: 0.078, memory: 1487, rpn_cls_loss: 0.6073, rpn_reg_loss: 0.0344, cls_loss: 1.6816, reg_loss: 0.0532, loss: 2.3764
2019-08-08 19:12:29,792 - INFO - Epoch [1][255/5011]	lr: 0.00100, eta: 1 day, 15:02:24, time: 0.215, data_time: 0.083, memory: 1487, rpn_cls_loss: 0.5949, rpn_reg_loss: 0.0218, cls_loss: 2.0364, reg_loss: 0.0413, loss: 2.6944
2019-08-08 19:12:29,982 - INFO - Epoch [1][256/5011]	lr: 0.00100, eta: 1 day, 15:00:43, time: 0.191, data_time: 0.051, memory: 1487, rpn_cls_loss: 0.5971, rpn_reg_loss: 0.0382, cls_loss: 1.3257, reg_loss: 0.0595, loss: 2.0206
2019-08-08 19:12:30,186 - INFO - Epoch [1][257/5011]	lr: 0.00100, eta: 1 day, 14:59:33, time: 0.204, data_time: 0.063, memory: 1487, rpn_cls_loss: 0.6013, rpn_reg_loss: 0.0200, cls_loss: 1.6129, reg_loss: 0.0417, loss: 2.2759
2019-08-08 19:12:30,413 - INFO - Epoch [1][258/5011]	lr: 0.00100, eta: 1 day, 14:59:17, time: 0.227, data_time: 0.081, memory: 1487, rpn_cls_loss: 0.5767, rpn_reg_loss: 0.0271, cls_loss: 1.8126, reg_loss: 0.0534, loss: 2.4698
2019-08-08 19:12:30,605 - INFO - Epoch [1][259/5011]	lr: 0.00100, eta: 1 day, 14:57:39, time: 0.191, data_time: 0.051, memory: 1487, rpn_cls_loss: 0.5879, rpn_reg_loss: 0.0163, cls_loss: 1.6812, reg_loss: 0.0293, loss: 2.3147
2019-08-08 19:12:30,836 - INFO - Epoch [1][260/5011]	lr: 0.00100, eta: 1 day, 14:57:35, time: 0.232, data_time: 0.083, memory: 1487, rpn_cls_loss: 0.6097, rpn_reg_loss: 0.0353, cls_loss: 1.5680, reg_loss: 0.0368, loss: 2.2498
2019-08-08 19:12:31,023 - INFO - Epoch [1][261/5011]	lr: 0.00100, eta: 1 day, 14:55:47, time: 0.187, data_time: 0.065, memory: 1487, rpn_cls_loss: 0.6021, rpn_reg_loss: 0.0194, cls_loss: 0.6281, reg_loss: 0.0000, loss: 1.2495
2019-08-08 19:12:31,228 - INFO - Epoch [1][262/5011]	lr: 0.00100, eta: 1 day, 14:54:43, time: 0.205, data_time: 0.065, memory: 1487, rpn_cls_loss: 0.6350, rpn_reg_loss: 0.0300, cls_loss: 1.3897, reg_loss: 0.0363, loss: 2.0909
2019-08-08 19:12:31,460 - INFO - Epoch [1][263/5011]	lr: 0.00100, eta: 1 day, 14:54:40, time: 0.232, data_time: 0.083, memory: 1487, rpn_cls_loss: 0.6058, rpn_reg_loss: 0.0289, cls_loss: 1.5538, reg_loss: 0.0318, loss: 2.2203
2019-08-08 19:12:31,711 - INFO - Epoch [1][264/5011]	lr: 0.00100, eta: 1 day, 14:55:22, time: 0.251, data_time: 0.085, memory: 1487, rpn_cls_loss: 0.6306, rpn_reg_loss: 0.0131, cls_loss: 1.6716, reg_loss: 0.0369, loss: 2.3522
2019-08-08 19:12:31,906 - INFO - Epoch [1][265/5011]	lr: 0.00100, eta: 1 day, 14:53:54, time: 0.194, data_time: 0.067, memory: 1487, rpn_cls_loss: 0.5993, rpn_reg_loss: 0.0261, cls_loss: 1.3556, reg_loss: 0.0217, loss: 2.0027
2019-08-08 19:12:32,141 - INFO - Epoch [1][266/5011]	lr: 0.00100, eta: 1 day, 14:53:59, time: 0.235, data_time: 0.080, memory: 1487, rpn_cls_loss: 0.6061, rpn_reg_loss: 0.0204, cls_loss: 1.6441, reg_loss: 0.0318, loss: 2.3025
2019-08-08 19:12:32,354 - INFO - Epoch [1][267/5011]	lr: 0.00100, eta: 1 day, 14:53:15, time: 0.213, data_time: 0.067, memory: 1487, rpn_cls_loss: 0.5974, rpn_reg_loss: 0.0112, cls_loss: 2.0303, reg_loss: 0.0436, loss: 2.6824
2019-08-08 19:12:32,594 - INFO - Epoch [1][268/5011]	lr: 0.00100, eta: 1 day, 14:53:29, time: 0.239, data_time: 0.080, memory: 1487, rpn_cls_loss: 0.5926, rpn_reg_loss: 0.0235, cls_loss: 1.7764, reg_loss: 0.0470, loss: 2.4395
2019-08-08 19:12:32,797 - INFO - Epoch [1][269/5011]	lr: 0.00100, eta: 1 day, 14:52:21, time: 0.203, data_time: 0.077, memory: 1487, rpn_cls_loss: 0.6060, rpn_reg_loss: 0.0577, cls_loss: 0.5427, reg_loss: 0.0000, loss: 1.2065
2019-08-08 19:12:32,999 - INFO - Epoch [1][270/5011]	lr: 0.00100, eta: 1 day, 14:51:13, time: 0.202, data_time: 0.072, memory: 1487, rpn_cls_loss: 0.5897, rpn_reg_loss: 0.0065, cls_loss: 1.4297, reg_loss: 0.0223, loss: 2.0483
2019-08-08 19:12:33,247 - INFO - Epoch [1][271/5011]	lr: 0.00100, eta: 1 day, 14:51:47, time: 0.248, data_time: 0.086, memory: 1487, rpn_cls_loss: 0.5776, rpn_reg_loss: 0.0081, cls_loss: 1.6424, reg_loss: 0.0296, loss: 2.2578
2019-08-08 19:12:33,442 - INFO - Epoch [1][272/5011]	lr: 0.00100, eta: 1 day, 14:50:23, time: 0.195, data_time: 0.066, memory: 1487, rpn_cls_loss: 0.5914, rpn_reg_loss: 0.0287, cls_loss: 1.2983, reg_loss: 0.0339, loss: 1.9522
2019-08-08 19:12:33,672 - INFO - Epoch [1][273/5011]	lr: 0.00100, eta: 1 day, 14:50:17, time: 0.230, data_time: 0.079, memory: 1487, rpn_cls_loss: 0.5687, rpn_reg_loss: 0.0207, cls_loss: 1.9171, reg_loss: 0.0355, loss: 2.5420
2019-08-08 19:12:33,905 - INFO - Epoch [1][274/5011]	lr: 0.00100, eta: 1 day, 14:50:19, time: 0.233, data_time: 0.078, memory: 1487, rpn_cls_loss: 0.6059, rpn_reg_loss: 0.0234, cls_loss: 1.1574, reg_loss: 0.0298, loss: 1.8166
2019-08-08 19:12:34,132 - INFO - Epoch [1][275/5011]	lr: 0.00100, eta: 1 day, 14:50:04, time: 0.226, data_time: 0.077, memory: 1487, rpn_cls_loss: 0.5753, rpn_reg_loss: 0.0425, cls_loss: 1.9970, reg_loss: 0.0390, loss: 2.6539
2019-08-08 19:12:34,363 - INFO - Epoch [1][276/5011]	lr: 0.00100, eta: 1 day, 14:50:02, time: 0.232, data_time: 0.078, memory: 1487, rpn_cls_loss: 0.6105, rpn_reg_loss: 0.0135, cls_loss: 1.4098, reg_loss: 0.0247, loss: 2.0585
2019-08-08 19:12:34,572 - INFO - Epoch [1][277/5011]	lr: 0.00100, eta: 1 day, 14:49:09, time: 0.209, data_time: 0.077, memory: 1487, rpn_cls_loss: 0.6436, rpn_reg_loss: 0.0260, cls_loss: 1.4092, reg_loss: 0.0389, loss: 2.1177
2019-08-08 19:12:34,776 - INFO - Epoch [1][278/5011]	lr: 0.00100, eta: 1 day, 14:48:08, time: 0.204, data_time: 0.077, memory: 1487, rpn_cls_loss: 0.5889, rpn_reg_loss: 0.0185, cls_loss: 1.6218, reg_loss: 0.0295, loss: 2.2587
2019-08-08 19:12:35,010 - INFO - Epoch [1][279/5011]	lr: 0.00100, eta: 1 day, 14:48:10, time: 0.234, data_time: 0.094, memory: 1487, rpn_cls_loss: 0.6358, rpn_reg_loss: 0.1048, cls_loss: 0.6766, reg_loss: 0.0000, loss: 1.4172
2019-08-08 19:12:35,257 - INFO - Epoch [1][280/5011]	lr: 0.00100, eta: 1 day, 14:48:43, time: 0.248, data_time: 0.078, memory: 1487, rpn_cls_loss: 0.6072, rpn_reg_loss: 0.0102, cls_loss: 1.5071, reg_loss: 0.0274, loss: 2.1519
2019-08-08 19:12:35,440 - INFO - Epoch [1][281/5011]	lr: 0.00100, eta: 1 day, 14:46:54, time: 0.182, data_time: 0.063, memory: 1487, rpn_cls_loss: 0.5608, rpn_reg_loss: 0.0099, cls_loss: 2.1315, reg_loss: 0.0320, loss: 2.7342
2019-08-08 19:12:35,629 - INFO - Epoch [1][282/5011]	lr: 0.00100, eta: 1 day, 14:45:23, time: 0.190, data_time: 0.057, memory: 1487, rpn_cls_loss: 0.5695, rpn_reg_loss: 0.0490, cls_loss: 1.9702, reg_loss: 0.0658, loss: 2.6545
2019-08-08 19:12:35,829 - INFO - Epoch [1][283/5011]	lr: 0.00100, eta: 1 day, 14:44:19, time: 0.202, data_time: 0.064, memory: 1487, rpn_cls_loss: 0.6147, rpn_reg_loss: 0.0353, cls_loss: 1.5304, reg_loss: 0.0367, loss: 2.2171
2019-08-08 19:12:36,077 - INFO - Epoch [1][284/5011]	lr: 0.00100, eta: 1 day, 14:44:47, time: 0.245, data_time: 0.088, memory: 1487, rpn_cls_loss: 0.6000, rpn_reg_loss: 0.0117, cls_loss: 1.7363, reg_loss: 0.0272, loss: 2.3752
2019-08-08 19:12:36,282 - INFO - Epoch [1][285/5011]	lr: 0.00100, eta: 1 day, 14:43:48, time: 0.204, data_time: 0.069, memory: 1487, rpn_cls_loss: 0.5973, rpn_reg_loss: 0.0134, cls_loss: 1.9986, reg_loss: 0.0358, loss: 2.6451
2019-08-08 19:12:36,478 - INFO - Epoch [1][286/5011]	lr: 0.00100, eta: 1 day, 14:42:33, time: 0.196, data_time: 0.066, memory: 1487, rpn_cls_loss: 0.5703, rpn_reg_loss: 0.0301, cls_loss: 1.8576, reg_loss: 0.0426, loss: 2.5006
2019-08-08 19:12:36,651 - INFO - Epoch [1][287/5011]	lr: 0.00100, eta: 1 day, 14:40:30, time: 0.173, data_time: 0.061, memory: 1487, rpn_cls_loss: 0.6056, rpn_reg_loss: 0.0668, cls_loss: 0.7598, reg_loss: 0.0000, loss: 1.4322
2019-08-08 19:12:36,856 - INFO - Epoch [1][288/5011]	lr: 0.00100, eta: 1 day, 14:39:36, time: 0.206, data_time: 0.061, memory: 1487, rpn_cls_loss: 0.5979, rpn_reg_loss: 0.0290, cls_loss: 1.4330, reg_loss: 0.0252, loss: 2.0851
2019-08-08 19:12:37,064 - INFO - Epoch [1][289/5011]	lr: 0.00100, eta: 1 day, 14:38:45, time: 0.207, data_time: 0.081, memory: 1487, rpn_cls_loss: 0.5749, rpn_reg_loss: 0.0065, cls_loss: 1.4985, reg_loss: 0.0301, loss: 2.1099
2019-08-08 19:12:37,322 - INFO - Epoch [1][290/5011]	lr: 0.00100, eta: 1 day, 14:39:42, time: 0.259, data_time: 0.088, memory: 1487, rpn_cls_loss: 0.6098, rpn_reg_loss: 0.0495, cls_loss: 0.6291, reg_loss: 0.0314, loss: 1.3199
2019-08-08 19:12:37,528 - INFO - Epoch [1][291/5011]	lr: 0.00100, eta: 1 day, 14:38:48, time: 0.206, data_time: 0.068, memory: 1487, rpn_cls_loss: 0.6281, rpn_reg_loss: 0.0186, cls_loss: 1.5885, reg_loss: 0.0214, loss: 2.2566
2019-08-08 19:12:37,763 - INFO - Epoch [1][292/5011]	lr: 0.00100, eta: 1 day, 14:38:55, time: 0.235, data_time: 0.079, memory: 1487, rpn_cls_loss: 0.6412, rpn_reg_loss: 0.0490, cls_loss: 0.6287, reg_loss: 0.0334, loss: 1.3523
2019-08-08 19:12:37,972 - INFO - Epoch [1][293/5011]	lr: 0.00100, eta: 1 day, 14:38:10, time: 0.210, data_time: 0.073, memory: 1487, rpn_cls_loss: 0.5950, rpn_reg_loss: 0.0280, cls_loss: 0.7514, reg_loss: 0.0401, loss: 1.4144
2019-08-08 19:12:38,199 - INFO - Epoch [1][294/5011]	lr: 0.00100, eta: 1 day, 14:37:59, time: 0.226, data_time: 0.081, memory: 1487, rpn_cls_loss: 0.5960, rpn_reg_loss: 0.0107, cls_loss: 1.8782, reg_loss: 0.0249, loss: 2.5099
2019-08-08 19:12:38,385 - INFO - Epoch [1][295/5011]	lr: 0.00100, eta: 1 day, 14:36:26, time: 0.186, data_time: 0.056, memory: 1487, rpn_cls_loss: 0.5885, rpn_reg_loss: 0.0227, cls_loss: 1.8299, reg_loss: 0.0434, loss: 2.4846
2019-08-08 19:12:38,564 - INFO - Epoch [1][296/5011]	lr: 0.00100, eta: 1 day, 14:34:39, time: 0.179, data_time: 0.069, memory: 1487, rpn_cls_loss: 0.5744, rpn_reg_loss: nan, cls_loss: 0.5985, reg_loss: 0.0000, loss: nan
2019-08-08 19:12:38,749 - INFO - Epoch [1][297/5011]	lr: 0.00100, eta: 1 day, 14:33:06, time: 0.185, data_time: 0.060, memory: 1487, rpn_cls_loss: 0.5530, rpn_reg_loss: 0.0251, cls_loss: 1.8095, reg_loss: 0.0330, loss: 2.4207
2019-08-08 19:12:38,928 - INFO - Epoch [1][298/5011]	lr: 0.00100, eta: 1 day, 14:31:25, time: 0.181, data_time: 0.061, memory: 1487, rpn_cls_loss: 0.5602, rpn_reg_loss: 0.0368, cls_loss: 1.6100, reg_loss: 0.0462, loss: 2.2532
2019-08-08 19:12:39,188 - INFO - Epoch [1][299/5011]	lr: 0.00100, eta: 1 day, 14:32:24, time: 0.260, data_time: 0.085, memory: 1487, rpn_cls_loss: 0.5772, rpn_reg_loss: 0.0075, cls_loss: 1.9488, reg_loss: 0.0235, loss: 2.5569
2019-08-08 19:12:39,399 - INFO - Epoch [1][300/5011]	lr: 0.00100, eta: 1 day, 14:31:39, time: 0.208, data_time: 0.068, memory: 1487, rpn_cls_loss: 0.5573, rpn_reg_loss: 0.0196, cls_loss: 1.4675, reg_loss: 0.0416, loss: 2.0860
2019-08-08 19:12:39,653 - INFO - Epoch [1][301/5011]	lr: 0.00100, eta: 1 day, 14:32:29, time: 0.256, data_time: 0.082, memory: 1487, rpn_cls_loss: 0.6468, rpn_reg_loss: 0.0251, cls_loss: 1.3793, reg_loss: 0.0298, loss: 2.0810
2019-08-08 19:12:39,862 - INFO - Epoch [1][302/5011]	lr: 0.00100, eta: 1 day, 14:31:42, time: 0.207, data_time: 0.066, memory: 1487, rpn_cls_loss: 0.5978, rpn_reg_loss: 0.0085, cls_loss: 1.9284, reg_loss: 0.0318, loss: 2.5664
2019-08-08 19:12:40,067 - INFO - Epoch [1][303/5011]	lr: 0.00100, eta: 1 day, 14:30:53, time: 0.206, data_time: 0.064, memory: 1487, rpn_cls_loss: 0.5831, rpn_reg_loss: 0.0182, cls_loss: 1.5642, reg_loss: 0.0372, loss: 2.2027
2019-08-08 19:12:40,287 - INFO - Epoch [1][304/5011]	lr: 0.00100, eta: 1 day, 14:30:31, time: 0.219, data_time: 0.073, memory: 1487, rpn_cls_loss: 0.5646, rpn_reg_loss: 0.0220, cls_loss: 2.0644, reg_loss: 0.0400, loss: 2.6911
2019-08-08 19:12:41,410 - INFO - Epoch [1][305/5011]	lr: 0.00100, eta: 1 day, 14:59:52, time: 1.125, data_time: 0.075, memory: 1487, rpn_cls_loss: 0.7502, rpn_reg_loss: 0.0326, cls_loss: 0.9690, reg_loss: 0.0294, loss: 1.7812
2019-08-08 19:12:41,608 - INFO - Epoch [1][306/5011]	lr: 0.00100, eta: 1 day, 14:58:38, time: 0.196, data_time: 0.054, memory: 1487, rpn_cls_loss: 0.6048, rpn_reg_loss: 0.0326, cls_loss: 1.3044, reg_loss: 0.0348, loss: 1.9767
2019-08-08 19:12:41,808 - INFO - Epoch [1][307/5011]	lr: 0.00100, eta: 1 day, 14:57:32, time: 0.200, data_time: 0.063, memory: 1487, rpn_cls_loss: 0.5812, rpn_reg_loss: 0.0117, cls_loss: 1.0920, reg_loss: 0.0190, loss: 1.7039
2019-08-08 19:12:42,022 - INFO - Epoch [1][308/5011]	lr: 0.00100, eta: 1 day, 14:56:54, time: 0.214, data_time: 0.064, memory: 1487, rpn_cls_loss: 0.5786, rpn_reg_loss: 0.0159, cls_loss: 1.5960, reg_loss: 0.0240, loss: 2.2144
2019-08-08 19:12:42,231 - INFO - Epoch [1][309/5011]	lr: 0.00100, eta: 1 day, 14:56:06, time: 0.209, data_time: 0.077, memory: 1487, rpn_cls_loss: 0.5906, rpn_reg_loss: 0.0087, cls_loss: 1.7215, reg_loss: 0.0323, loss: 2.3531
2019-08-08 19:12:42,463 - INFO - Epoch [1][310/5011]	lr: 0.00100, eta: 1 day, 14:56:04, time: 0.232, data_time: 0.084, memory: 1487, rpn_cls_loss: 0.5554, rpn_reg_loss: 0.0263, cls_loss: 1.7617, reg_loss: 0.0444, loss: 2.3877
2019-08-08 19:12:42,669 - INFO - Epoch [1][311/5011]	lr: 0.00100, eta: 1 day, 14:55:11, time: 0.206, data_time: 0.069, memory: 1487, rpn_cls_loss: 0.5608, rpn_reg_loss: 0.0385, cls_loss: 1.9895, reg_loss: 0.0482, loss: 2.6370
2019-08-08 19:12:42,894 - INFO - Epoch [1][312/5011]	lr: 0.00100, eta: 1 day, 14:54:56, time: 0.225, data_time: 0.076, memory: 1487, rpn_cls_loss: 0.5791, rpn_reg_loss: 0.0075, cls_loss: 1.9330, reg_loss: 0.0373, loss: 2.5569
2019-08-08 19:12:43,109 - INFO - Epoch [1][313/5011]	lr: 0.00100, eta: 1 day, 14:54:19, time: 0.214, data_time: 0.084, memory: 1487, rpn_cls_loss: 0.5976, rpn_reg_loss: 0.0205, cls_loss: 2.0572, reg_loss: 0.0373, loss: 2.7126
2019-08-08 19:12:43,344 - INFO - Epoch [1][314/5011]	lr: 0.00100, eta: 1 day, 14:54:23, time: 0.236, data_time: 0.075, memory: 1487, rpn_cls_loss: 0.5671, rpn_reg_loss: 0.0182, cls_loss: 2.0118, reg_loss: 0.0380, loss: 2.6351
2019-08-08 19:12:43,566 - INFO - Epoch [1][315/5011]	lr: 0.00100, eta: 1 day, 14:54:01, time: 0.222, data_time: 0.079, memory: 1487, rpn_cls_loss: 0.6036, rpn_reg_loss: 0.0123, cls_loss: 1.7800, reg_loss: 0.0224, loss: 2.4183
2019-08-08 19:12:43,800 - INFO - Epoch [1][316/5011]	lr: 0.00100, eta: 1 day, 14:54:08, time: 0.237, data_time: 0.066, memory: 1487, rpn_cls_loss: 0.6271, rpn_reg_loss: 0.0163, cls_loss: 1.6972, reg_loss: 0.0348, loss: 2.3753
2019-08-08 19:12:44,018 - INFO - Epoch [1][317/5011]	lr: 0.00100, eta: 1 day, 14:53:35, time: 0.216, data_time: 0.076, memory: 1487, rpn_cls_loss: 0.6273, rpn_reg_loss: 0.0080, cls_loss: 2.0641, reg_loss: 0.0243, loss: 2.7237
2019-08-08 19:12:44,221 - INFO - Epoch [1][318/5011]	lr: 0.00100, eta: 1 day, 14:52:37, time: 0.202, data_time: 0.082, memory: 1487, rpn_cls_loss: 0.6143, rpn_reg_loss: nan, cls_loss: 1.2570, reg_loss: 0.0000, loss: nan
2019-08-08 19:12:44,474 - INFO - Epoch [1][319/5011]	lr: 0.00100, eta: 1 day, 14:53:15, time: 0.253, data_time: 0.097, memory: 1487, rpn_cls_loss: 0.5711, rpn_reg_loss: 0.0069, cls_loss: 1.6784, reg_loss: 0.0247, loss: 2.2810
2019-08-08 19:12:44,651 - INFO - Epoch [1][320/5011]	lr: 0.00100, eta: 1 day, 14:51:31, time: 0.177, data_time: 0.058, memory: 1487, rpn_cls_loss: 0.5916, rpn_reg_loss: 0.0128, cls_loss: 1.5164, reg_loss: 0.0277, loss: 2.1485
2019-08-08 19:12:44,879 - INFO - Epoch [1][321/5011]	lr: 0.00100, eta: 1 day, 14:51:21, time: 0.228, data_time: 0.090, memory: 1487, rpn_cls_loss: 0.5737, rpn_reg_loss: 0.0178, cls_loss: 2.0259, reg_loss: 0.0215, loss: 2.6390
2019-08-08 19:12:45,076 - INFO - Epoch [1][322/5011]	lr: 0.00100, eta: 1 day, 14:50:13, time: 0.197, data_time: 0.070, memory: 1487, rpn_cls_loss: 0.5904, rpn_reg_loss: 0.0215, cls_loss: 0.6898, reg_loss: 0.0000, loss: 1.3016
2019-08-08 19:12:45,263 - INFO - Epoch [1][323/5011]	lr: 0.00100, eta: 1 day, 14:48:47, time: 0.187, data_time: 0.056, memory: 1487, rpn_cls_loss: 0.5783, rpn_reg_loss: 0.0291, cls_loss: 1.6477, reg_loss: 0.0344, loss: 2.2895
2019-08-08 19:12:45,439 - INFO - Epoch [1][324/5011]	lr: 0.00100, eta: 1 day, 14:47:04, time: 0.177, data_time: 0.057, memory: 1487, rpn_cls_loss: 0.5519, rpn_reg_loss: 0.0127, cls_loss: 1.5587, reg_loss: 0.0307, loss: 2.1541
2019-08-08 19:12:45,634 - INFO - Epoch [1][325/5011]	lr: 0.00100, eta: 1 day, 14:45:53, time: 0.194, data_time: 0.066, memory: 1487, rpn_cls_loss: 0.5539, rpn_reg_loss: 0.0062, cls_loss: 1.7642, reg_loss: 0.0333, loss: 2.3575
2019-08-08 19:12:45,815 - INFO - Epoch [1][326/5011]	lr: 0.00100, eta: 1 day, 14:44:20, time: 0.182, data_time: 0.062, memory: 1487, rpn_cls_loss: 0.5550, rpn_reg_loss: 0.0098, cls_loss: 1.7161, reg_loss: 0.0320, loss: 2.3128
2019-08-08 19:12:46,028 - INFO - Epoch [1][327/5011]	lr: 0.00100, eta: 1 day, 14:43:46, time: 0.214, data_time: 0.059, memory: 1487, rpn_cls_loss: 0.5787, rpn_reg_loss: 0.0152, cls_loss: 1.4019, reg_loss: 0.0452, loss: 2.0410
2019-08-08 19:12:46,240 - INFO - Epoch [1][328/5011]	lr: 0.00100, eta: 1 day, 14:43:09, time: 0.212, data_time: 0.073, memory: 1487, rpn_cls_loss: 0.5957, rpn_reg_loss: 0.0226, cls_loss: 0.7724, reg_loss: 0.0000, loss: 1.3908
2019-08-08 19:12:46,473 - INFO - Epoch [1][329/5011]	lr: 0.00100, eta: 1 day, 14:43:10, time: 0.233, data_time: 0.082, memory: 1487, rpn_cls_loss: 0.5543, rpn_reg_loss: 0.0104, cls_loss: 1.5950, reg_loss: 0.0302, loss: 2.1899
2019-08-08 19:12:46,703 - INFO - Epoch [1][330/5011]	lr: 0.00100, eta: 1 day, 14:43:07, time: 0.231, data_time: 0.074, memory: 1487, rpn_cls_loss: 0.6279, rpn_reg_loss: 0.0392, cls_loss: 1.3463, reg_loss: 0.0270, loss: 2.0403
2019-08-08 19:12:46,901 - INFO - Epoch [1][331/5011]	lr: 0.00100, eta: 1 day, 14:42:03, time: 0.196, data_time: 0.062, memory: 1487, rpn_cls_loss: 0.5615, rpn_reg_loss: 0.0370, cls_loss: 2.0644, reg_loss: 0.0407, loss: 2.7035
2019-08-08 19:12:47,127 - INFO - Epoch [1][332/5011]	lr: 0.00100, eta: 1 day, 14:41:56, time: 0.228, data_time: 0.077, memory: 1487, rpn_cls_loss: 0.5775, rpn_reg_loss: 0.0149, cls_loss: 1.7526, reg_loss: 0.0438, loss: 2.3888
2019-08-08 19:12:47,362 - INFO - Epoch [1][333/5011]	lr: 0.00100, eta: 1 day, 14:42:00, time: 0.234, data_time: 0.082, memory: 1487, rpn_cls_loss: 0.5771, rpn_reg_loss: 0.0359, cls_loss: 1.5611, reg_loss: 0.0427, loss: 2.2169
2019-08-08 19:12:47,588 - INFO - Epoch [1][334/5011]	lr: 0.00100, eta: 1 day, 14:41:49, time: 0.226, data_time: 0.070, memory: 1487, rpn_cls_loss: 0.5635, rpn_reg_loss: 0.0311, cls_loss: 1.8614, reg_loss: 0.0435, loss: 2.4996
2019-08-08 19:12:47,817 - INFO - Epoch [1][335/5011]	lr: 0.00100, eta: 1 day, 14:41:44, time: 0.229, data_time: 0.079, memory: 1487, rpn_cls_loss: 0.5604, rpn_reg_loss: 0.0185, cls_loss: 1.3825, reg_loss: 0.0230, loss: 1.9844
2019-08-08 19:12:48,042 - INFO - Epoch [1][336/5011]	lr: 0.00100, eta: 1 day, 14:41:31, time: 0.225, data_time: 0.072, memory: 1487, rpn_cls_loss: 0.5729, rpn_reg_loss: 0.0225, cls_loss: 1.2132, reg_loss: 0.0265, loss: 1.8353
